2024-05-24 14:32:14,315 [INFO] Activator:177 - 


2024-05-24 14:32:14,316 [INFO] Activator:178 - !SESSION log4j initialized
2024-05-24 14:32:19,787 [INFO] McuFinderGlobals:39 - Set McuFinder mode to 2 (CubeIDE integrated)
2024-05-24 14:32:22,038 [INFO] ApplicationProperties:181 - Using Application install path: C:\ST\STM32CubeIDE_1.7.0\STM32CubeIDE\plugins\com.st.stm32cube.common.mx_6.3.0.202107141111
2024-05-24 14:32:22,047 [INFO] DbMcusXml:74 - Set database path to: C:\ST\STM32CubeIDE_1.7.0\STM32CubeIDE\plugins\com.st.stm32cube.common.mx_6.3.0.202107141111\\db\/mcu/
2024-05-24 14:32:22,050 [INFO] DbBoardsPdsc:56 - Set plugin database path to: C:\ST\STM32CubeIDE_1.7.0\STM32CubeIDE\plugins\com.st.stm32cube.common.mx_6.3.0.202107141111\\db\/plugins/boardmanager/
2024-05-24 14:32:22,050 [INFO] DbMcus:258 - Set plugin images path to: C:\ST\STM32CubeIDE_1.7.0\STM32CubeIDE\plugins\com.st.stm32cube.common.mx_6.3.0.202107141111\\db\/plugins/mcufinder/images/
2024-05-24 14:32:22,050 [INFO] DbBoards:264 - Set plugin images path to: C:\ST\STM32CubeIDE_1.7.0\STM32CubeIDE\plugins\com.st.stm32cube.common.mx_6.3.0.202107141111\\db\/plugins/mcufinder/images/
2024-05-24 14:32:22,052 [INFO] DbExamples:333 - Set plugin images path to: C:\ST\STM32CubeIDE_1.7.0\STM32CubeIDE\plugins\com.st.stm32cube.common.mx_6.3.0.202107141111\\db\/plugins/mcufinder/images/
2024-05-24 14:32:22,059 [INFO] DbMcusAds:119 - Set database path to: C:\Users\kirit\.stmcufinder\plugins\mcufinder//mcu/
2024-05-24 14:32:22,060 [INFO] DbMcusDocs:110 - Set database path to: C:\Users\kirit\.stmcufinder\plugins\mcufinder//mcu/
2024-05-24 14:32:22,061 [INFO] DbMcusJson:64 - Set database path to: C:\Users\kirit\.stmcufinder\plugins\mcufinder//mcu/
2024-05-24 14:32:22,062 [INFO] DbBoardsDocs:110 - Set database path to: C:\Users\kirit\.stmcufinder\plugins\mcufinder//mcu/
2024-05-24 14:32:22,063 [INFO] DbBoardsJson:57 - Set database path to: C:\Users\kirit\.stmcufinder\plugins\mcufinder//mcu/
2024-05-24 14:32:33,133 [INFO] CrossReferenceDbSqlite:196 - Set database path to: C:\Users\kirit\.stmcufinder\plugins\mcufinder//mcu/cs/
2024-05-24 14:32:33,136 [INFO] DbExamplesSqlite:767 - Set database path to: C:\Users\kirit\.stmcufinder\plugins\mcufinder//mcu/
2024-05-24 14:32:33,215 [INFO] RulesReader:57 - Compatibility file has been processed (242 Rules)
2024-05-24 14:32:33,309 [INFO] DbMcusXml:74 - Set database path to: C:\ST\STM32CubeIDE_1.7.0\STM32CubeIDE\plugins\com.st.stm32cube.common.mx_6.3.0.202107141111\\db\/mcu/
2024-05-24 14:32:33,309 [INFO] DbBoardsPdsc:56 - Set plugin database path to: C:\ST\STM32CubeIDE_1.7.0\STM32CubeIDE\plugins\com.st.stm32cube.common.mx_6.3.0.202107141111\\db\/plugins/boardmanager/
2024-05-24 14:32:33,309 [INFO] DbMcus:258 - Set plugin images path to: C:\ST\STM32CubeIDE_1.7.0\STM32CubeIDE\plugins\com.st.stm32cube.common.mx_6.3.0.202107141111\\db\/plugins/mcufinder/images/
2024-05-24 14:32:33,310 [INFO] DbBoards:264 - Set plugin images path to: C:\ST\STM32CubeIDE_1.7.0\STM32CubeIDE\plugins\com.st.stm32cube.common.mx_6.3.0.202107141111\\db\/plugins/mcufinder/images/
2024-05-24 14:32:33,310 [INFO] DbExamples:333 - Set plugin images path to: C:\ST\STM32CubeIDE_1.7.0\STM32CubeIDE\plugins\com.st.stm32cube.common.mx_6.3.0.202107141111\\db\/plugins/mcufinder/images/
2024-05-24 14:32:33,310 [WARN] DbFile:35 - Overriding database path with different value: C:\Users\kirit\.stmcufinder\plugins\mcufinder/ => C:\Users\kirit\.stmcufinder\plugins\mcufinder
2024-05-24 14:32:33,310 [INFO] DbMcusAds:119 - Set database path to: C:\Users\kirit\.stmcufinder\plugins\mcufinder//mcu/
2024-05-24 14:32:33,310 [WARN] DbFile:35 - Overriding database path with different value: C:\Users\kirit\.stmcufinder\plugins\mcufinder/ => C:\Users\kirit\.stmcufinder\plugins\mcufinder
2024-05-24 14:32:33,310 [INFO] DbMcusDocs:110 - Set database path to: C:\Users\kirit\.stmcufinder\plugins\mcufinder//mcu/
2024-05-24 14:32:33,310 [WARN] DbFile:35 - Overriding database path with different value: C:\Users\kirit\.stmcufinder\plugins\mcufinder/ => C:\Users\kirit\.stmcufinder\plugins\mcufinder
2024-05-24 14:32:33,311 [INFO] DbMcusJson:64 - Set database path to: C:\Users\kirit\.stmcufinder\plugins\mcufinder//mcu/
2024-05-24 14:32:33,311 [WARN] DbFile:35 - Overriding database path with different value: C:\Users\kirit\.stmcufinder\plugins\mcufinder/ => C:\Users\kirit\.stmcufinder\plugins\mcufinder
2024-05-24 14:32:33,311 [INFO] DbBoardsDocs:110 - Set database path to: C:\Users\kirit\.stmcufinder\plugins\mcufinder//mcu/
2024-05-24 14:32:33,311 [WARN] DbFile:35 - Overriding database path with different value: C:\Users\kirit\.stmcufinder\plugins\mcufinder/ => C:\Users\kirit\.stmcufinder\plugins\mcufinder
2024-05-24 14:32:33,311 [INFO] DbBoardsJson:57 - Set database path to: C:\Users\kirit\.stmcufinder\plugins\mcufinder//mcu/
2024-05-24 14:32:33,311 [WARN] DbFile:35 - Overriding database path with different value: C:\Users\kirit\.stmcufinder\plugins\mcufinder/ => C:\Users\kirit\.stmcufinder\plugins\mcufinder
2024-05-24 14:32:33,311 [WARN] DbFile:35 - Overriding database path with different value: C:\Users\kirit\.stmcufinder\plugins\mcufinder/ => C:\Users\kirit\.stmcufinder\plugins\mcufinder
2024-05-24 14:32:33,311 [INFO] CrossReferenceDbSqlite:196 - Set database path to: C:\Users\kirit\.stmcufinder\plugins\mcufinder//mcu/cs/
2024-05-24 14:32:33,311 [WARN] DbFile:35 - Overriding database path with different value: C:\Users\kirit\.stmcufinder\plugins\mcufinder/ => C:\Users\kirit\.stmcufinder\plugins\mcufinder
2024-05-24 14:32:33,311 [INFO] DbExamplesSqlite:767 - Set database path to: C:\Users\kirit\.stmcufinder\plugins\mcufinder//mcu/
2024-05-24 14:32:33,375 [INFO] MainPanel:214 - HeapMemory: 268435456
2024-05-24 14:32:33,462 [INFO] DbMcusXml:74 - Set database path to: C:\ST\STM32CubeIDE_1.7.0\STM32CubeIDE\plugins\com.st.stm32cube.common.mx_6.3.0.202107141111\\db\/mcu/
2024-05-24 14:32:33,463 [INFO] DbBoardsPdsc:56 - Set plugin database path to: C:\ST\STM32CubeIDE_1.7.0\STM32CubeIDE\plugins\com.st.stm32cube.common.mx_6.3.0.202107141111\\db\/plugins/boardmanager/
2024-05-24 14:32:33,463 [INFO] DbMcus:258 - Set plugin images path to: C:\ST\STM32CubeIDE_1.7.0\STM32CubeIDE\plugins\com.st.stm32cube.common.mx_6.3.0.202107141111\\db\/plugins/mcufinder/images/
2024-05-24 14:32:33,463 [INFO] DbBoards:264 - Set plugin images path to: C:\ST\STM32CubeIDE_1.7.0\STM32CubeIDE\plugins\com.st.stm32cube.common.mx_6.3.0.202107141111\\db\/plugins/mcufinder/images/
2024-05-24 14:32:33,463 [INFO] DbExamples:333 - Set plugin images path to: C:\ST\STM32CubeIDE_1.7.0\STM32CubeIDE\plugins\com.st.stm32cube.common.mx_6.3.0.202107141111\\db\/plugins/mcufinder/images/
2024-05-24 14:32:33,463 [WARN] DbFile:35 - Overriding database path with different value: C:\Users\kirit\.stmcufinder\plugins\mcufinder/ => C:\Users\kirit\.stmcufinder\plugins\mcufinder
2024-05-24 14:32:33,463 [INFO] DbMcusAds:119 - Set database path to: C:\Users\kirit\.stmcufinder\plugins\mcufinder//mcu/
2024-05-24 14:32:33,463 [WARN] DbFile:35 - Overriding database path with different value: C:\Users\kirit\.stmcufinder\plugins\mcufinder/ => C:\Users\kirit\.stmcufinder\plugins\mcufinder
2024-05-24 14:32:33,463 [INFO] DbMcusDocs:110 - Set database path to: C:\Users\kirit\.stmcufinder\plugins\mcufinder//mcu/
2024-05-24 14:32:33,463 [WARN] DbFile:35 - Overriding database path with different value: C:\Users\kirit\.stmcufinder\plugins\mcufinder/ => C:\Users\kirit\.stmcufinder\plugins\mcufinder
2024-05-24 14:32:33,464 [INFO] DbMcusJson:64 - Set database path to: C:\Users\kirit\.stmcufinder\plugins\mcufinder//mcu/
2024-05-24 14:32:33,464 [WARN] DbFile:35 - Overriding database path with different value: C:\Users\kirit\.stmcufinder\plugins\mcufinder/ => C:\Users\kirit\.stmcufinder\plugins\mcufinder
2024-05-24 14:32:33,464 [INFO] DbBoardsDocs:110 - Set database path to: C:\Users\kirit\.stmcufinder\plugins\mcufinder//mcu/
2024-05-24 14:32:33,464 [WARN] DbFile:35 - Overriding database path with different value: C:\Users\kirit\.stmcufinder\plugins\mcufinder/ => C:\Users\kirit\.stmcufinder\plugins\mcufinder
2024-05-24 14:32:33,464 [INFO] DbBoardsJson:57 - Set database path to: C:\Users\kirit\.stmcufinder\plugins\mcufinder//mcu/
2024-05-24 14:32:33,464 [WARN] DbFile:35 - Overriding database path with different value: C:\Users\kirit\.stmcufinder\plugins\mcufinder/ => C:\Users\kirit\.stmcufinder\plugins\mcufinder
2024-05-24 14:32:33,464 [WARN] DbFile:35 - Overriding database path with different value: C:\Users\kirit\.stmcufinder\plugins\mcufinder/ => C:\Users\kirit\.stmcufinder\plugins\mcufinder
2024-05-24 14:32:33,464 [INFO] CrossReferenceDbSqlite:196 - Set database path to: C:\Users\kirit\.stmcufinder\plugins\mcufinder//mcu/cs/
2024-05-24 14:32:33,464 [WARN] DbFile:35 - Overriding database path with different value: C:\Users\kirit\.stmcufinder\plugins\mcufinder/ => C:\Users\kirit\.stmcufinder\plugins\mcufinder
2024-05-24 14:32:33,464 [INFO] DbExamplesSqlite:767 - Set database path to: C:\Users\kirit\.stmcufinder\plugins\mcufinder//mcu/
2024-05-24 14:32:33,481 [INFO] ApplicationProperties:181 - Using Application install path: C:\ST\STM32CubeIDE_1.7.0\STM32CubeIDE\plugins\com.st.stm32cube.common.mx_6.3.0.202107141111
2024-05-24 14:32:33,482 [INFO] PluginManage:188 - Search for loadable plugins [exclusion list=, ]
2024-05-24 14:32:33,483 [INFO] PluginManage:302 - Check plugin analytics
2024-05-24 14:32:33,599 [INFO] AnalyticsPlugin:257 - Accepted Software Licenses: 
2024-05-24 14:32:33,599 [INFO] AnalyticsPlugin:259 - Accepted CMSIS Pack Licenses: 
2024-05-24 14:32:33,599 [INFO] AnalyticsPlugin:261 - Accepted Firmware Licenses: 
2024-05-24 14:32:33,599 [INFO] PluginManage:352 - Loaded plugin analytics (category:tool,tabindex:-1)
2024-05-24 14:32:33,599 [INFO] PluginManage:302 - Check plugin clock
2024-05-24 14:32:33,617 [INFO] PluginManage:352 - Loaded plugin clock (category:base,tabindex:2)
2024-05-24 14:32:33,617 [INFO] PluginManage:302 - Check plugin ddr
2024-05-24 14:32:33,619 [INFO] PluginManage:352 - Loaded plugin ddr (category:tool,tabindex:6)
2024-05-24 14:32:33,619 [INFO] PluginManage:302 - Check plugin filemanager
2024-05-24 14:32:33,713 [INFO] PluginManage:352 - Loaded plugin filemanager (category:base,tabindex:10)
2024-05-24 14:32:33,713 [INFO] PluginManage:302 - Check plugin ipmanager
2024-05-24 14:32:33,719 [INFO] PluginManage:352 - Loaded plugin ipmanager (category:base,tabindex:5)
2024-05-24 14:32:33,719 [INFO] PluginManage:302 - Check plugin pinoutandconfiguration
2024-05-24 14:32:33,735 [INFO] PluginManage:352 - Loaded plugin pinoutandconfiguration (category:base,tabindex:1)
2024-05-24 14:32:33,735 [INFO] PluginManage:302 - Check plugin pinoutconfig
2024-05-24 14:32:33,776 [INFO] PluginManage:352 - Loaded plugin pinoutconfig (category:base,tabindex:0)
2024-05-24 14:32:33,776 [INFO] PluginManage:302 - Check plugin power
2024-05-24 14:32:33,793 [INFO] PluginManage:352 - Loaded plugin power (category:power,tabindex:4)
2024-05-24 14:32:33,793 [INFO] PluginManage:302 - Check plugin projectmanager
2024-05-24 14:32:33,804 [INFO] PluginManage:352 - Loaded plugin projectmanager (category:projectmanager,tabindex:3)
2024-05-24 14:32:33,804 [INFO] PluginManage:302 - Check plugin thirdparty
2024-05-24 14:32:33,994 [INFO] PluginManage:352 - Loaded plugin thirdparty (category:base,tabindex:-1)
2024-05-24 14:32:33,994 [WARN] IntegrityCheckThread:78 - waiting for thirdparty lock release [integrity check]
2024-05-24 14:32:33,995 [INFO] PluginManage:302 - Check plugin tools
2024-05-24 14:32:33,995 [INFO] IntegrityCheckThread:80 - entering critical section [integrity check]
2024-05-24 14:32:33,995 [INFO] ThirdPartyUpdaterWithRetryManager:66 - Updater plugin not ready yet. [1/15]
2024-05-24 14:32:34,042 [INFO] PluginManage:352 - Loaded plugin tools (category:base,tabindex:7)
2024-05-24 14:32:34,043 [INFO] PluginManage:302 - Check plugin tutovideos
2024-05-24 14:32:34,221 [INFO] PluginManage:352 - Loaded plugin tutovideos (category:base,tabindex:-1)
2024-05-24 14:32:34,221 [INFO] PluginManage:302 - Check plugin updater
2024-05-24 14:32:34,230 [INFO] PluginManage:352 - Loaded plugin updater (category:base,tabindex:12)
2024-05-24 14:32:34,231 [INFO] PluginManage:275 - PluginManage : Loaded plugins [13]
2024-05-24 14:32:34,368 [INFO] PinOutPanel:1463 - setPackage(No Configuration,No Configuration)
2024-05-24 14:32:34,445 [INFO] IPUIPlugin:74 - create IPUIPlugin
2024-05-24 14:32:34,445 [INFO] PluginManager:213 - loadIPPluginJar : add adc
2024-05-24 14:32:34,485 [INFO] IPUIPlugin:74 - create IPUIPlugin
2024-05-24 14:32:34,486 [INFO] PluginManager:213 - loadIPPluginJar : add aes
2024-05-24 14:32:34,531 [INFO] IPUIPlugin:74 - create IPUIPlugin
2024-05-24 14:32:34,531 [INFO] PluginManager:213 - loadIPPluginJar : add can
2024-05-24 14:32:34,560 [INFO] IPUIPlugin:74 - create IPUIPlugin
2024-05-24 14:32:34,561 [INFO] PluginManager:213 - loadIPPluginJar : add comp
2024-05-24 14:32:34,593 [INFO] IPUIPlugin:74 - create IPUIPlugin
2024-05-24 14:32:34,593 [INFO] PluginManager:213 - loadIPPluginJar : add cryp
2024-05-24 14:32:34,626 [INFO] IPUIPlugin:74 - create IPUIPlugin
2024-05-24 14:32:34,627 [INFO] PluginManager:213 - loadIPPluginJar : add dfsdm
2024-05-24 14:32:34,639 [INFO] IPUIPlugin:74 - create IPUIPlugin
2024-05-24 14:32:34,639 [INFO] PluginManager:213 - loadIPPluginJar : add dma
2024-05-24 14:32:34,685 [INFO] IPUIPlugin:74 - create IPUIPlugin
2024-05-24 14:32:34,686 [INFO] PluginManager:213 - loadIPPluginJar : add dma3
2024-05-24 14:32:34,712 [INFO] IPUIPlugin:74 - create IPUIPlugin
2024-05-24 14:32:34,712 [INFO] PluginManager:213 - loadIPPluginJar : add fatfs
2024-05-24 14:32:34,763 [INFO] IPUIPlugin:74 - create IPUIPlugin
2024-05-24 14:32:34,763 [INFO] PluginManager:213 - loadIPPluginJar : add fmc
2024-05-24 14:32:34,776 [INFO] IPUIPlugin:74 - create IPUIPlugin
2024-05-24 14:32:34,776 [INFO] PluginManager:213 - loadIPPluginJar : add freertos
2024-05-24 14:32:34,803 [INFO] IPUIPlugin:74 - create IPUIPlugin
2024-05-24 14:32:34,803 [INFO] PluginManager:213 - loadIPPluginJar : add genericplugin
2024-05-24 14:32:34,897 [INFO] IPUIPlugin:74 - create IPUIPlugin
2024-05-24 14:32:34,897 [INFO] PluginManager:213 - loadIPPluginJar : add gfxmmu
2024-05-24 14:32:35,015 [INFO] IPUIPlugin:74 - create IPUIPlugin
2024-05-24 14:32:35,015 [INFO] PluginManager:213 - loadIPPluginJar : add gic
2024-05-24 14:32:35,028 [INFO] IPUIPlugin:74 - create IPUIPlugin
2024-05-24 14:32:35,028 [INFO] PluginManager:213 - loadIPPluginJar : add gpio
2024-05-24 14:32:35,100 [INFO] IPUIPlugin:74 - create IPUIPlugin
2024-05-24 14:32:35,100 [INFO] PluginManager:213 - loadIPPluginJar : add gtzc
2024-05-24 14:32:35,132 [INFO] IPUIPlugin:74 - create IPUIPlugin
2024-05-24 14:32:35,133 [INFO] PluginManager:213 - loadIPPluginJar : add hash
2024-05-24 14:32:35,180 [INFO] IPUIPlugin:74 - create IPUIPlugin
2024-05-24 14:32:35,180 [INFO] PluginManager:213 - loadIPPluginJar : add i2c
2024-05-24 14:32:35,220 [INFO] IPUIPlugin:74 - create IPUIPlugin
2024-05-24 14:32:35,220 [INFO] PluginManager:213 - loadIPPluginJar : add i2s
2024-05-24 14:32:35,230 [INFO] IPUIPlugin:74 - create IPUIPlugin
2024-05-24 14:32:35,231 [INFO] PluginManager:213 - loadIPPluginJar : add ipddr
2024-05-24 14:32:35,309 [INFO] IPUIPlugin:74 - create IPUIPlugin
2024-05-24 14:32:35,310 [INFO] PluginManager:213 - loadIPPluginJar : add linkedlist
2024-05-24 14:32:35,346 [INFO] IPUIPlugin:74 - create IPUIPlugin
2024-05-24 14:32:35,346 [INFO] PluginManager:213 - loadIPPluginJar : add lorawan
2024-05-24 14:32:35,387 [INFO] IPUIPlugin:74 - create IPUIPlugin
2024-05-24 14:32:35,387 [INFO] PluginManager:213 - loadIPPluginJar : add ltdc
2024-05-24 14:32:35,398 [INFO] IPUIPlugin:74 - create IPUIPlugin
2024-05-24 14:32:35,398 [INFO] PluginManager:213 - loadIPPluginJar : add mdma
2024-05-24 14:32:35,409 [INFO] IPUIPlugin:74 - create IPUIPlugin
2024-05-24 14:32:35,409 [INFO] PluginManager:213 - loadIPPluginJar : add nvic
2024-05-24 14:32:35,447 [INFO] IPUIPlugin:74 - create IPUIPlugin
2024-05-24 14:32:35,447 [INFO] PluginManager:213 - loadIPPluginJar : add opamp
2024-05-24 14:32:35,504 [INFO] IPUIPlugin:74 - create IPUIPlugin
2024-05-24 14:32:35,505 [INFO] PluginManager:213 - loadIPPluginJar : add openamp
2024-05-24 14:32:35,549 [INFO] IPUIPlugin:74 - create IPUIPlugin
2024-05-24 14:32:35,549 [INFO] PluginManager:213 - loadIPPluginJar : add pdm2pcm
2024-05-24 14:32:35,562 [INFO] IPUIPlugin:74 - create IPUIPlugin
2024-05-24 14:32:35,564 [INFO] PluginManager:213 - loadIPPluginJar : add plateformsettings
2024-05-24 14:32:35,591 [INFO] IPUIPlugin:74 - create IPUIPlugin
2024-05-24 14:32:35,591 [INFO] PluginManager:213 - loadIPPluginJar : add quadspi
2024-05-24 14:32:35,602 [INFO] IPUIPlugin:74 - create IPUIPlugin
2024-05-24 14:32:35,602 [INFO] PluginManager:213 - loadIPPluginJar : add resmgrutility
2024-05-24 14:32:35,652 [INFO] IPUIPlugin:74 - create IPUIPlugin
2024-05-24 14:32:35,652 [INFO] PluginManager:213 - loadIPPluginJar : add sai
2024-05-24 14:32:35,689 [INFO] IPUIPlugin:74 - create IPUIPlugin
2024-05-24 14:32:35,689 [INFO] PluginManager:213 - loadIPPluginJar : add spi
2024-05-24 14:32:35,739 [INFO] IPUIPlugin:74 - create IPUIPlugin
2024-05-24 14:32:35,739 [INFO] PluginManager:213 - loadIPPluginJar : add stm32_wpan
2024-05-24 14:32:35,765 [INFO] IPUIPlugin:74 - create IPUIPlugin
2024-05-24 14:32:35,766 [INFO] PluginManager:213 - loadIPPluginJar : add tim
2024-05-24 14:32:35,823 [INFO] IPUIPlugin:74 - create IPUIPlugin
2024-05-24 14:32:35,823 [INFO] PluginManager:213 - loadIPPluginJar : add touchsensing
2024-05-24 14:32:35,850 [INFO] IPUIPlugin:74 - create IPUIPlugin
2024-05-24 14:32:35,850 [INFO] PluginManager:213 - loadIPPluginJar : add tracer_emb
2024-05-24 14:32:35,877 [INFO] IPUIPlugin:74 - create IPUIPlugin
2024-05-24 14:32:35,878 [INFO] PluginManager:213 - loadIPPluginJar : add ts
2024-05-24 14:32:35,907 [INFO] IPUIPlugin:74 - create IPUIPlugin
2024-05-24 14:32:35,907 [INFO] PluginManager:213 - loadIPPluginJar : add tsc
2024-05-24 14:32:35,933 [INFO] IPUIPlugin:74 - create IPUIPlugin
2024-05-24 14:32:35,933 [INFO] PluginManager:213 - loadIPPluginJar : add ucpd
2024-05-24 14:32:35,975 [INFO] IPUIPlugin:74 - create IPUIPlugin
2024-05-24 14:32:35,975 [INFO] PluginManager:213 - loadIPPluginJar : add usart
2024-05-24 14:32:36,013 [INFO] IPUIPlugin:74 - create IPUIPlugin
2024-05-24 14:32:36,013 [INFO] PluginManager:213 - loadIPPluginJar : add usbx
2024-05-24 14:32:36,277 [FATAL] Updater:294 - Updater called before beeing initialized
2024-05-24 14:32:36,350 [FATAL] Updater:294 - Updater called before beeing initialized
2024-05-24 14:32:36,359 [INFO] DbMcusAds:47 - JSON generation date=Wed Nov 29 17:52:27 ICT 2023 (1701255147349)
2024-05-24 14:32:36,360 [FATAL] Updater:294 - Updater called before beeing initialized
2024-05-24 14:32:36,427 [WARN] DetailPanel:314 - Failed to get advertising image, set to default
2024-05-24 14:32:36,501 [FATAL] Updater:294 - Updater called before beeing initialized
2024-05-24 14:32:36,503 [FATAL] Updater:294 - Updater called before beeing initialized
2024-05-24 14:32:36,503 [FATAL] Updater:294 - Updater called before beeing initialized
2024-05-24 14:32:36,504 [WARN] DetailPanel:314 - Failed to get advertising image, set to default
2024-05-24 14:32:36,505 [FATAL] Updater:294 - Updater called before beeing initialized
2024-05-24 14:32:36,547 [ERROR] Updater:1075 - MainUpdater not yet initialized. External WinMGr cannot be set.
2024-05-24 14:32:36,555 [INFO] Updater:1012 - Updater Version found : 6.3.0
2024-05-24 14:32:36,571 [INFO] ApplicationProperties:181 - Using Application install path: C:\ST\STM32CubeIDE_1.7.0\STM32CubeIDE\plugins\com.st.stm32cube.common.mx_6.3.0.202107141111
2024-05-24 14:32:36,792 [INFO] MainUpdater:2671 - connection check result : 10
2024-05-24 14:32:36,792 [INFO] MainUpdater:3359 - Updater definition file requires update
2024-05-24 14:32:36,793 [INFO] MainUpdater:265 - Updater Check For Update Now.
2024-05-24 14:32:36,793 [INFO] MicroXplorer:478 - Change Database Version : DB.6.0.30
2024-05-24 14:32:36,933 [INFO] ServerAccessManage:362 - Download File updaters.zip
2024-05-24 14:32:36,977 [INFO] FileExtend:235 - Unzip File : updaters.zip
2024-05-24 14:32:36,978 [INFO] FileExtend:250 - Standard Zip Deflate
2024-05-24 14:32:36,995 [WARN] MainUpdater:1122 - Updater busy. Cannot search thirdparties
2024-05-24 14:32:36,995 [INFO] ThirdPartyUpdaterWithRetryManager:92 - Updater plugin is busy. [1/15]
2024-05-24 14:32:37,518 [INFO] ServerAccessManage:362 - Download File PacksControlFlags.xml
2024-05-24 14:32:37,657 [INFO] ServerAccessManage:362 - Download File cubemx.pidx
2024-05-24 14:32:38,086 [INFO] ServerAccessManage:362 - Download File STMicroelectronics.FP-SNS-MOTENVWB1.pdsc
2024-05-24 14:32:38,626 [INFO] ServerAccessManage:362 - Download File STMicroelectronics.X-CUBE-AI.pdsc
2024-05-24 14:32:40,000 [WARN] MainUpdater:1122 - Updater busy. Cannot search thirdparties
2024-05-24 14:32:40,000 [INFO] ThirdPartyUpdaterWithRetryManager:92 - Updater plugin is busy. [2/15]
2024-05-24 14:32:41,128 [INFO] ServerAccessManage:362 - Download File STMicroelectronics.X-CUBE-ALS.pdsc
2024-05-24 14:32:41,819 [INFO] ServerAccessManage:362 - Download File STMicroelectronics.X-CUBE-FREERTOS.pdsc
2024-05-24 14:32:42,537 [INFO] ServerAccessManage:362 - Download File STMicroelectronics.X-CUBE-TCPP.pdsc
2024-05-24 14:32:42,887 [INFO] ServerAccessManage:362 - Download File STMicroelectronics.X-CUBE-ALGOBUILD.pdsc
2024-05-24 14:32:43,007 [WARN] MainUpdater:1122 - Updater busy. Cannot search thirdparties
2024-05-24 14:32:43,007 [INFO] ThirdPartyUpdaterWithRetryManager:92 - Updater plugin is busy. [3/15]
2024-05-24 14:32:43,875 [INFO] ServerAccessManage:362 - Download File STMicroelectronics.X-CUBE-AZRTOS-H7RS.pdsc
2024-05-24 14:32:46,019 [WARN] MainUpdater:1122 - Updater busy. Cannot search thirdparties
2024-05-24 14:32:46,019 [INFO] ThirdPartyUpdaterWithRetryManager:92 - Updater plugin is busy. [4/15]
2024-05-24 14:32:47,661 [INFO] MainUpdater:2671 - connection check result : 10
2024-05-24 14:32:49,024 [WARN] MainUpdater:1122 - Updater busy. Cannot search thirdparties
2024-05-24 14:32:49,024 [INFO] ThirdPartyUpdaterWithRetryManager:92 - Updater plugin is busy. [5/15]
2024-05-24 14:32:52,031 [WARN] MainUpdater:1122 - Updater busy. Cannot search thirdparties
2024-05-24 14:32:52,031 [INFO] ThirdPartyUpdaterWithRetryManager:92 - Updater plugin is busy. [6/15]
2024-05-24 14:32:55,033 [WARN] MainUpdater:1122 - Updater busy. Cannot search thirdparties
2024-05-24 14:32:55,033 [INFO] ThirdPartyUpdaterWithRetryManager:92 - Updater plugin is busy. [7/15]
2024-05-24 14:32:56,020 [INFO] ServerAccessManage:362 - Download File Cesanta.I-CUBE-Mongoose.pdsc
2024-05-24 14:32:58,036 [WARN] MainUpdater:1122 - Updater busy. Cannot search thirdparties
2024-05-24 14:32:58,036 [INFO] ThirdPartyUpdaterWithRetryManager:92 - Updater plugin is busy. [8/15]
2024-05-24 14:32:58,428 [WARN] PopulateThirdPartyThread:100 - Error when creating pack: C:/Users/kirit/.stm32cubemx/thirdparties/pdsc/STMicroelectronics.FP-SNS-MOTENVWB1.pdsc
2024-05-24 14:32:58,449 [WARN] PackLoader:238 - Cannot read IP mode file for STMicroelectronics.X-CUBE-AI.9.0.0
2024-05-24 14:32:58,451 [WARN] PopulateThirdPartyThread:100 - Error when creating pack: C:/Users/kirit/.stm32cubemx/thirdparties/pdsc/STMicroelectronics.X-CUBE-ALS.pdsc
2024-05-24 14:32:58,452 [WARN] PopulateThirdPartyThread:100 - Error when creating pack: C:/Users/kirit/.stm32cubemx/thirdparties/pdsc/STMicroelectronics.X-CUBE-FREERTOS.pdsc
2024-05-24 14:32:58,456 [WARN] PopulateThirdPartyThread:100 - Error when creating pack: C:/Users/kirit/.stm32cubemx/thirdparties/pdsc/STMicroelectronics.X-CUBE-TCPP.pdsc
2024-05-24 14:32:58,464 [WARN] PackLoader:238 - Cannot read IP mode file for STMicroelectronics.X-CUBE-ALGOBUILD.1.4.0
2024-05-24 14:32:58,487 [WARN] PackLoader:238 - Cannot read IP mode file for STMicroelectronics.X-CUBE-AZRTOS-H7RS.1.0.0
2024-05-24 14:32:58,492 [WARN] PopulateThirdPartyThread:100 - Error when creating pack: C:/Users/kirit/.stm32cubemx/thirdparties/pdsc/Cesanta.I-CUBE-Mongoose.pdsc
2024-05-24 14:32:58,492 [INFO] PopulateThirdPartyThread:60 - Ending populate Thread
2024-05-24 14:32:58,493 [INFO] ThirdParty:967 - CMSIS Pack Vendor :STMicroelectronics X-CUBE-ALGOBUILD 1.4.0
2024-05-24 14:32:58,493 [INFO] ThirdParty:967 - CMSIS Pack Vendor :STMicroelectronics X-CUBE-AI 9.0.0
2024-05-24 14:32:58,493 [INFO] ThirdParty:967 - CMSIS Pack Vendor :STMicroelectronics X-CUBE-AZRTOS-H7RS 1.0.0
2024-05-24 14:32:58,493 [INFO] LoadServerUpdatesThread:339 - End of LoadServerUpdate Thread
2024-05-24 14:32:58,562 [INFO] CheckServerUpdateThread:112 - End of CheckServer Thread
2024-05-24 14:32:58,758 [INFO] McuFinderGlobals:52 - Set McuFinderConnectedMode to false
2024-05-24 14:32:58,826 [INFO] CrossSelectorPresenter:1330 - Cross Selector saved comparison directory: C:\Users\kirit\.stmcufinder\plugins\mcufinder\mcu\cs_comparisons_mx
2024-05-24 14:32:58,831 [INFO] MultiScanPanel:197 - Auto-refresh data requested => check proxy status ongoing
2024-05-24 14:32:58,831 [INFO] MultiScanPanel:201 - Proxy status is invalid
2024-05-24 14:32:58,833 [INFO] FinderPluginLoader:87 - Searching for filters in installed packs
2024-05-24 14:32:58,834 [INFO] DbMcusXml:100 - Load MCU database from C:\ST\STM32CubeIDE_1.7.0\STM32CubeIDE\plugins\com.st.stm32cube.common.mx_6.3.0.202107141111\\db\/mcu/families.xml
2024-05-24 14:32:59,315 [INFO] DbMcusJson:93 - JSON generation date=Tue Nov 16 23:17:54 ICT 2021 (1637079474)
2024-05-24 14:32:59,803 [INFO] DbMcus:175 - Found 1951 MCUs (1903 are supported by CubeMX, 1914 are visible in CubeMX)
2024-05-24 14:32:59,803 [INFO] ApiDb:251 - Load user favorites file C:\Users\kirit/.stm32cubeide/favorites.mcus.txt: 0 item(s)
2024-05-24 14:32:59,804 [INFO] ApiDb:255 - User favorites MCUs=[]
2024-05-24 14:32:59,804 [INFO] DbMcus:187 - Set 0 / 0 favorites MCUs
2024-05-24 14:33:00,123 [INFO] DetailPanel:309 - Set advertising image to C:/Users/kirit/STM32Cube/Repository/\en.prom-stm32wl3-mcu-finder.jpg
2024-05-24 14:33:00,367 [INFO] DbBoardsPdsc:90 - Found 25 items
2024-05-24 14:33:00,375 [INFO] DbBoardsPdsc:90 - Found 9 items
2024-05-24 14:33:00,384 [INFO] DbBoardsPdsc:90 - Found 33 items
2024-05-24 14:33:00,392 [INFO] DbBoardsPdsc:90 - Found 1 items
2024-05-24 14:33:00,408 [INFO] DbBoardsPdsc:90 - Found 48 items
2024-05-24 14:33:00,421 [INFO] DbBoardsPdsc:90 - Found 43 items
2024-05-24 14:33:00,429 [INFO] DbBoardsPdsc:90 - Found 2 items
2024-05-24 14:33:00,437 [INFO] DbBoardsPdsc:90 - Found 5 items
2024-05-24 14:33:00,441 [WARN] DbBoardsPdsc:254 - Board STM32H7B3I-DK: unknown feature type=Audio, name=, username=Audio stereo codec with Headphone Amp (CS42L51-CNZ), n=1
2024-05-24 14:33:00,441 [WARN] DbBoardsPdsc:254 - Board STM32H735G-DK: unknown feature type=Audio, name=, username=Audio stereo codec with Headphone Amp (WM8994ECS/R), n=1
2024-05-24 14:33:00,442 [WARN] DbBoardsPdsc:254 - Board STM32H7B3I-EVAL: unknown feature type=Audio, name=, username=Multi-Channel Audio Codec (CS42L51-CNZ), n=1
2024-05-24 14:33:00,442 [WARN] DbBoardsPdsc:254 - Board STM32H7B3I-EVAL: unknown feature type=Meter, name=, username=Power-metering and Temperature-monitoring with sigma-delta modulators, n=1
2024-05-24 14:33:00,442 [WARN] DbBoardsPdsc:254 - Board STM32H7B3I-EVAL: unknown feature type=Motor, name=, username=Motor Control, n=1
2024-05-24 14:33:00,442 [WARN] DbBoardsPdsc:254 - Board STM32U575I-EV: unknown feature type=joystick, name=, username=4-direction joystick with selection button, n=1
2024-05-24 14:33:00,469 [INFO] DbBoardsJson:86 - JSON generation date=Tue Nov 16 23:17:54 ICT 2021 (1637079474)
2024-05-24 14:33:00,474 [INFO] DbBoards:117 - Found 167 boards (163 are supported by CubeMX)
2024-05-24 14:33:00,498 [INFO] DbBoardsDocs:143 - JSON generation date=Tue Nov 16 23:17:54 ICT 2021 (1637079474)
2024-05-24 14:33:00,501 [INFO] DbBoardsDocs:79 - Found 209 boards documents
2024-05-24 14:33:00,501 [WARN] DbBoards:127 - board B-L475E-IOT01A2 has no document id list !
2024-05-24 14:33:00,502 [WARN] DbBoards:127 - board NUCLEO-H743ZI has no document id list !
2024-05-24 14:33:00,503 [WARN] DbBoards:127 - board NUCLEO-WL55JC2 has no document id list !
2024-05-24 14:33:00,503 [WARN] DbBoards:127 - board P-NUCLEO-WB55-Nucleo has no document id list !
2024-05-24 14:33:00,503 [WARN] DbBoards:127 - board P-NUCLEO-WB55-USBDongle has no document id list !
2024-05-24 14:33:00,503 [WARN] DbBoards:127 - board STEVAL-BFA001V1B has no document id list !
2024-05-24 14:33:00,503 [WARN] DbBoards:127 - board STEVAL-BFA001V2B has no document id list !
2024-05-24 14:33:00,503 [WARN] DbBoards:127 - board STEVAL-IDP005V1 has no document id list !
2024-05-24 14:33:00,503 [WARN] DbBoards:127 - board STEVAL-IDP005V2 has no document id list !
2024-05-24 14:33:00,503 [WARN] DbBoards:127 - board STEVAL-MKSBOX1V1 has no document id list !
2024-05-24 14:33:00,503 [WARN] DbBoards:127 - board STEVAL-STWINKT1 has no document id list !
2024-05-24 14:33:00,503 [WARN] DbBoards:127 - board STEVAL-STWINKT1B has no document id list !
2024-05-24 14:33:00,503 [WARN] DbBoards:127 - board STM32439I-EVAL2 has no document id list !
2024-05-24 14:33:00,503 [WARN] DbBoards:127 - board STM32F401C-DISCO has no document id list !
2024-05-24 14:33:00,504 [WARN] DbBoards:127 - board STM32F769I-DISC1 has no document id list !
2024-05-24 14:33:00,504 [WARN] DbBoards:127 - board STM32G474E-EVAL1 has no document id list !
2024-05-24 14:33:00,504 [WARN] DbBoards:127 - board STM32H743I-EVAL2 has no document id list !
2024-05-24 14:33:00,504 [WARN] DbBoards:127 - board STM32H747I-DISC1 has no document id list !
2024-05-24 14:33:00,504 [WARN] DbBoards:127 - board STM32H753I-EVAL2 has no document id list !
2024-05-24 14:33:00,505 [WARN] DbBoards:127 - board STM32L-DISCOVERY has no document id list !
2024-05-24 14:33:00,604 [ERROR] DbBoards:189 - Image file not found for board B-U585I-IOT02A: C:\ST\STM32CubeIDE_1.7.0\STM32CubeIDE\plugins\com.st.stm32cube.common.mx_6.3.0.202107141111\\db\/plugins/mcufinder/images/boards/B-U585I-IOT02A_small.jpg
2024-05-24 14:33:00,687 [ERROR] DbBoards:189 - Image file not found for board NUCLEO-F413ZH: C:\ST\STM32CubeIDE_1.7.0\STM32CubeIDE\plugins\com.st.stm32cube.common.mx_6.3.0.202107141111\\db\/plugins/mcufinder/images/boards/nucleo-f413zh_small.jpg
2024-05-24 14:33:00,827 [ERROR] DbBoards:189 - Image file not found for board NUCLEO-L552ZE-Q: C:\ST\STM32CubeIDE_1.7.0\STM32CubeIDE\plugins\com.st.stm32cube.common.mx_6.3.0.202107141111\\db\/plugins/mcufinder/images/boards/nucleo_l552ze_q_small.jpg
2024-05-24 14:33:00,827 [ERROR] DbBoards:189 - Image file not found for board NUCLEO-U575ZI-Q: C:\ST\STM32CubeIDE_1.7.0\STM32CubeIDE\plugins\com.st.stm32cube.common.mx_6.3.0.202107141111\\db\/plugins/mcufinder/images/boards/nucleo-u575zi-q_small.jpg
2024-05-24 14:33:00,827 [ERROR] DbBoards:189 - Image file not found for board NUCLEO-WB15CC: C:\ST\STM32CubeIDE_1.7.0\STM32CubeIDE\plugins\com.st.stm32cube.common.mx_6.3.0.202107141111\\db\/plugins/mcufinder/images/boards/nucleo-wb15cc_small.jpg
2024-05-24 14:33:00,827 [ERROR] DbBoards:189 - Image file not found for board NUCLEO-WB55RG: C:\ST\STM32CubeIDE_1.7.0\STM32CubeIDE\plugins\com.st.stm32cube.common.mx_6.3.0.202107141111\\db\/plugins/mcufinder/images/boards/nucleo-wb55rg_small.jpg
2024-05-24 14:33:01,135 [ERROR] Engine:463 - C:\Users\kirit\.stm32cubemx\thirdparties\pdsc\STMicroelectronics.FP-SNS-MOTENVWB1.1.4.0.pdsc: PDSC version is not supported
2024-05-24 14:33:01,143 [ERROR] Engine:463 - C:\Users\kirit\.stm32cubemx\thirdparties\pdsc\STMicroelectronics.X-CUBE-SMBUS.2.1.0.pdsc: PDSC version is not supported
2024-05-24 14:33:01,152 [WARN] PackLoader:238 - Cannot read IP mode file for STMicroelectronics.X-CUBE-TOUCHGFX.4.23.0
2024-05-24 14:33:01,161 [WARN] PackLoader:238 - Cannot read IP mode file for STMicroelectronics.X-CUBE-TOUCHGFX.4.23.2
2024-05-24 14:33:01,186 [WARN] PackLoader:238 - Cannot read IP mode file for STMicroelectronics.X-CUBE-AZRTOS-F7.1.1.0
2024-05-24 14:33:01,199 [ERROR] Engine:463 - C:\Users\kirit\.stm32cubemx\thirdparties\pdsc\STMicroelectronics.FP-SNS-MOTENV1.4.3.2.pdsc: PDSC version is not supported
2024-05-24 14:33:01,201 [ERROR] Engine:463 - C:\Users\kirit\.stm32cubemx\thirdparties\pdsc\STMicroelectronics.FP-SNS-FLIGHT1.5.0.2.pdsc: PDSC version is not supported
2024-05-24 14:33:01,212 [ERROR] Engine:463 - C:\Users\kirit\.stm32cubemx\thirdparties\pdsc\STMicroelectronics.X-CUBE-DISPLAY.3.0.0.pdsc: PDSC version is not supported
2024-05-24 14:33:01,225 [WARN] PackLoader:238 - Cannot read IP mode file for STMicroelectronics.X-CUBE-BLE1.7.0.0
2024-05-24 14:33:01,233 [ERROR] Engine:463 - C:\Users\kirit\.stm32cubemx\thirdparties\pdsc\emotas.I-CUBE-CANOPEN.1.3.0.pdsc: PDSC version is not supported
2024-05-24 14:33:01,244 [ERROR] Engine:463 - C:\Users\kirit\.stm32cubemx\thirdparties\pdsc\STMicroelectronics.X-CUBE-BLEMGR.3.1.0.pdsc: PDSC version is not supported
2024-05-24 14:33:01,252 [ERROR] Engine:463 - C:\Users\kirit\.stm32cubemx\thirdparties\pdsc\STMicroelectronics.FP-SNS-SMARTAG2.1.2.0.pdsc: PDSC version is not supported
2024-05-24 14:33:01,268 [INFO] LogOutputStream:76 - [STDOUT_REDIRECT] 1 : Invalid condition id : UX_CORESTACK_Condition cause : null
2024-05-24 14:33:01,269 [INFO] LogOutputStream:76 - [STDOUT_REDIRECT] 1 : Invalid condition id : UX_CORESTACK_Condition cause : null
2024-05-24 14:33:01,270 [INFO] LogOutputStream:76 - [STDOUT_REDIRECT] 1 : Invalid condition id : UX_CORESTACK_Condition cause : null
2024-05-24 14:33:01,270 [INFO] LogOutputStream:76 - [STDOUT_REDIRECT] 1 : Invalid condition id : UX_CORESTACK_Condition cause : null
2024-05-24 14:33:01,271 [INFO] LogOutputStream:76 - [STDOUT_REDIRECT] 1 : Invalid condition id : UX_CORESTACK_Condition cause : null
2024-05-24 14:33:01,273 [WARN] PackLoader:238 - Cannot read IP mode file for STMicroelectronics.X-CUBE-AZRTOS-WL.2.0.0
2024-05-24 14:33:01,283 [ERROR] Engine:463 - C:\Users\kirit\.stm32cubemx\thirdparties\pdsc\STMicroelectronics.FP-SNS-MOTENV1.5.0.0.pdsc: PDSC version is not supported
2024-05-24 14:33:01,295 [WARN] PackLoader:238 - Cannot read IP mode file for WES.I-CUBE-Cesium.1.3.0
2024-05-24 14:33:01,305 [WARN] PackLoader:238 - Cannot read IP mode file for STMicroelectronics.X-CUBE-BLE2.3.3.0
2024-05-24 14:33:01,308 [ERROR] Engine:463 - C:\Users\kirit\.stm32cubemx\thirdparties\pdsc\STMicroelectronics.X-CUBE-TCPP.4.1.0.pdsc: PDSC version is not supported
2024-05-24 14:33:01,319 [WARN] PackLoader:238 - Cannot read IP mode file for STMicroelectronics.X-CUBE-ALGOBUILD.1.3.0
2024-05-24 14:33:01,359 [WARN] PackLoader:238 - Cannot read IP mode file for STMicroelectronics.X-CUBE-AZRTOS-G0.1.1.0
2024-05-24 14:33:01,373 [WARN] PackLoader:238 - Cannot read IP mode file for STMicroelectronics.X-CUBE-SAFEA1.1.2.2
2024-05-24 14:33:01,386 [WARN] PackLoader:238 - Cannot read IP mode file for STMicroelectronics.X-CUBE-NFC4.3.0.0
2024-05-24 14:33:01,401 [WARN] PackLoader:238 - Cannot read IP mode file for STMicroelectronics.FP-ATR-SIGFOX1.3.2.0
2024-05-24 14:33:01,414 [WARN] PackLoader:238 - Cannot read IP mode file for STMicroelectronics.X-CUBE-EEPRMA1.5.1.0
2024-05-24 14:33:01,449 [WARN] PackLoader:238 - Cannot read IP mode file for SEGGER.I-CUBE-embOS.1.3.1
2024-05-24 14:33:01,480 [WARN] PackLoader:238 - Cannot read IP mode file for STMicroelectronics.X-CUBE-ALGOBUILD.1.4.0
2024-05-24 14:33:01,492 [WARN] PackLoader:238 - Cannot read IP mode file for STMicroelectronics.X-CUBE-GNSS1.6.0.0
2024-05-24 14:33:01,516 [WARN] PackLoader:238 - Cannot read IP mode file for STMicroelectronics.X-CUBE-AZRTOS-F4.1.1.0
2024-05-24 14:33:01,519 [ERROR] Engine:463 - C:\Users\kirit\.stm32cubemx\thirdparties\pdsc\STMicroelectronics.X-CUBE-FREERTOS.1.2.0.pdsc: PDSC version is not supported
2024-05-24 14:33:01,528 [WARN] PackLoader:238 - Cannot read IP mode file for wolfSSL.I-CUBE-wolfSSL.5.6.6
2024-05-24 14:33:01,551 [WARN] PackLoader:238 - Cannot read IP mode file for STMicroelectronics.X-CUBE-AZRTOS-L5.2.0.0
2024-05-24 14:33:01,564 [WARN] PackLoader:238 - Cannot read IP mode file for STMicroelectronics.X-CUBE-NFC6.3.1.0
2024-05-24 14:33:01,573 [ERROR] Engine:463 - C:\Users\kirit\.stm32cubemx\thirdparties\pdsc\ITTIA_DB.I-CUBE-ITTIADB.8.8.0.pdsc: PDSC version is not supported
2024-05-24 14:33:01,576 [WARN] PackLoader:238 - Cannot read IP mode file for STMicroelectronics.X-CUBE-AI.9.0.0
2024-05-24 14:33:01,586 [WARN] PackLoader:238 - Cannot read IP mode file for STMicroelectronics.X-CUBE-NFC7.1.0.1
2024-05-24 14:33:01,597 [WARN] PackLoader:238 - Cannot read IP mode file for STMicroelectronics.X-CUBE-NFC6.3.0.0
2024-05-24 14:33:01,607 [WARN] PackLoader:238 - Cannot read IP mode file for STMicroelectronics.X-CUBE-AI.8.1.0
2024-05-24 14:33:01,630 [WARN] ConditionMgr:437 - getConditionDescription Invalid condition id : LAN8742 Phy interface Condition cause : null
2024-05-24 14:33:01,631 [WARN] PackLoader:238 - Cannot read IP mode file for STMicroelectronics.X-CUBE-AZRTOS-L4.2.0.0
2024-05-24 14:33:01,632 [WARN] ConditionMgr:1038 - genDependencies : Invalid condition id : LAN8742 Phy interface Condition cause : null
2024-05-24 14:33:01,632 [WARN] ConditionMgr:1038 - genDependencies : Invalid condition id : LAN8742 Phy interface Condition cause : null
2024-05-24 14:33:01,632 [WARN] ConditionMgr:1038 - genDependencies : Invalid condition id : LAN8742 Phy interface Condition cause : null
2024-05-24 14:33:01,644 [WARN] PackLoader:238 - Cannot read IP mode file for STMicroelectronics.X-CUBE-SFXS2LP1.4.0.0
2024-05-24 14:33:01,663 [WARN] ConditionMgr:437 - getConditionDescription Invalid condition id : UX DEVICE CLASS RTOS Condition cause : null
2024-05-24 14:33:01,663 [WARN] ConditionMgr:437 - getConditionDescription Invalid condition id : UX DEVICE CLASS RTOS Condition cause : null
2024-05-24 14:33:01,664 [WARN] PackLoader:238 - Cannot read IP mode file for STMicroelectronics.X-CUBE-AZRTOS-WB.2.0.0
2024-05-24 14:33:01,665 [WARN] ConditionMgr:1038 - genDependencies : Invalid condition id : UX DEVICE CLASS RTOS Condition cause : null
2024-05-24 14:33:01,665 [WARN] ConditionMgr:1038 - genDependencies : Invalid condition id : UX DEVICE CLASS RTOS Condition cause : null
2024-05-24 14:33:01,665 [WARN] ConditionMgr:1038 - genDependencies : Invalid condition id : UX DEVICE CLASS RTOS Condition cause : null
2024-05-24 14:33:01,665 [WARN] ConditionMgr:1038 - genDependencies : Invalid condition id : UX DEVICE CLASS RTOS Condition cause : null
2024-05-24 14:33:01,665 [WARN] ConditionMgr:1038 - genDependencies : Invalid condition id : UX DEVICE CLASS RTOS Condition cause : null
2024-05-24 14:33:01,680 [WARN] PackLoader:238 - Cannot read IP mode file for STMicroelectronics.X-CUBE-SUBG2.5.0.0
2024-05-24 14:33:01,685 [ERROR] Engine:463 - C:\Users\kirit\.stm32cubemx\thirdparties\pdsc\Cesanta.I-CUBE-Mongoose.7.13.0.pdsc: PDSC version is not supported
2024-05-24 14:33:01,705 [WARN] PackLoader:238 - Cannot read IP mode file for STMicroelectronics.X-CUBE-AZRTOS-G4.2.0.0
2024-05-24 14:33:01,715 [INFO] ApiDb:251 - Load user favorites file C:\Users\kirit/.stm32cubeide/favorites.boards.txt: 0 item(s)
2024-05-24 14:33:01,715 [INFO] ApiDb:255 - User favorites Boards=[]
2024-05-24 14:33:01,715 [INFO] DbBoards:206 - Set 0 / 0 favorites Boards
2024-05-24 14:33:01,719 [ERROR] Engine:463 - C:\Users\kirit\.stm32cubemx\thirdparties\pdsc\Infineon.AIROC-Wi-Fi-Bluetooth-STM32.1.5.1.pdsc: PDSC version is not supported
2024-05-24 14:33:01,722 [ERROR] Engine:463 - C:\Users\kirit\.stm32cubemx\thirdparties\pdsc\STMicroelectronics.FP-SNS-MOTENVWB1.1.3.1.pdsc: PDSC version is not supported
2024-05-24 14:33:01,731 [WARN] PackLoader:238 - Cannot read IP mode file for STMicroelectronics.X-CUBE-ISPU.2.0.0
2024-05-24 14:33:01,733 [ERROR] Engine:463 - C:\Users\kirit\.stm32cubemx\thirdparties\pdsc\STMicroelectronics.X-CUBE-ALS.1.0.2.pdsc: PDSC version is not supported
2024-05-24 14:33:01,774 [WARN] PackLoader:238 - Cannot read IP mode file for STMicroelectronics.X-CUBE-MEMS1.10.0.0
2024-05-24 14:33:01,904 [ERROR] Engine:463 - C:\Users\kirit\.stm32cubemx\thirdparties\pdsc\STMicroelectronics.X-CUBE-FREERTOS.1.1.0.pdsc: PDSC version is not supported
2024-05-24 14:33:01,913 [WARN] PackLoader:238 - Cannot read IP mode file for portGmbH.I-Cube-SoM-uGOAL.1.1.0
2024-05-24 14:33:01,922 [WARN] PackLoader:238 - Cannot read IP mode file for STMicroelectronics.X-CUBE-ALS.1.0.1
2024-05-24 14:33:01,936 [WARN] PackLoader:238 - Cannot read IP mode file for STMicroelectronics.X-CUBE-AZRTOS-H7RS.1.0.0
2024-05-24 14:33:01,943 [WARN] PackLoader:238 - Cannot read IP mode file for STMicroelectronics.FP-ATR-ASTRA1.2.0.0
2024-05-24 14:33:01,957 [ERROR] Engine:463 - C:\Users\kirit\.stm32cubemx\thirdparties\pdsc\STMicroelectronics.X-CUBE-TOF1.3.4.0.pdsc: PDSC version is not supported
2024-05-24 14:33:01,968 [ERROR] Engine:463 - C:\Users\kirit\.stm32cubemx\thirdparties\pdsc\STMicroelectronics.X-CUBE-TOF1.3.4.1.pdsc: PDSC version is not supported
2024-05-24 14:33:01,992 [WARN] PackLoader:238 - Cannot read IP mode file for STMicroelectronics.X-CUBE-AZRTOS-H7.3.2.0
2024-05-24 14:33:01,995 [INFO] ThirdParty:915 - Integrity check success = true
2024-05-24 14:33:01,995 [INFO] IntegrityCheckThread:94 - exiting critical section [integrity check]
2024-05-24 14:33:01,995 [INFO] IntegrityCheckThread:97 - End integrity checks thread
2024-05-24 14:33:24,145 [INFO] DbMcusDocs:143 - JSON generation date=Tue Nov 16 23:17:54 ICT 2021 (1637079474)
2024-05-24 14:33:24,398 [INFO] DbMcusDocs:79 - Found 682 MCUs documents
2024-05-24 14:36:12,575 [INFO] MainUpdater:2671 - connection check result : 10
2024-05-24 14:36:12,575 [INFO] MainUpdater:2671 - connection check result : 10
2024-05-24 14:36:12,626 [INFO] MicroXplorer:448 - Change Database Path : 
2024-05-24 14:36:12,626 [INFO] MicroXplorer:478 - Change Database Version : DB.6.0.30
2024-05-24 14:36:12,626 [WARN] ThirdParty:813 - waiting for thirdparty lock release [close project]
2024-05-24 14:36:12,626 [INFO] ThirdParty:815 - entering critical section [close project]
2024-05-24 14:36:12,627 [INFO] ThirdParty:825 - exiting critical section [close project]
2024-05-24 14:36:12,628 [INFO] PinOutPanel:1463 - setPackage(No Configuration,No Configuration)
2024-05-24 14:36:12,629 [INFO] UtilMem:74 - Begin LoadConfig() Used Memory: 834542496 Bytes (1073741824)
2024-05-24 14:36:12,630 [INFO] MicroXplorer:448 - Change Database Path : 
2024-05-24 14:36:12,631 [INFO] MicroXplorer:478 - Change Database Version : DB.6.0.30
2024-05-24 14:36:12,631 [INFO] OpenFileManager:313 - Change cursor
2024-05-24 14:36:13,283 [INFO] Context:592 - Trying to add GPIOservice into a context  which must be forbidden
2024-05-24 14:36:13,458 [INFO] ImportTextPane:167 - (OptionalMessage_ERROR) Unable to find key (Mcu.ThirdPartyNb) in loaded IOC file
2024-05-24 14:36:13,459 [INFO] ImportTextPane:167 - (OptionalMessage_ERROR) Unable to find key (Mcu.PinsNb) in loaded IOC file
2024-05-24 14:36:13,459 [INFO] ImportTextPane:167 - (OptionalMessage_ERROR) Unable to find key (Mcu.IPNb) in loaded IOC file
2024-05-24 14:36:13,506 [WARN] ApiManager:304 - Cannot register API 'Board Extension:GNSS1A1' from pack STMicroelectronics.X-CUBE-GNSS1.6.0.0: no header file found
2024-05-24 14:36:13,506 [WARN] ApiManager:304 - Cannot register API 'Board Support:Custom' from pack STMicroelectronics.X-CUBE-GNSS1.6.0.0: no header file found
2024-05-24 14:36:13,506 [WARN] ApiManager:304 - Cannot register API 'Data Exchange:lib_gnss' from pack STMicroelectronics.X-CUBE-GNSS1.6.0.0: no header file found
2024-05-24 14:36:13,522 [WARN] ApiManager:304 - Cannot register API 'Board Extension:NFC06A1' from pack STMicroelectronics.X-CUBE-NFC6.3.1.0: no header file found
2024-05-24 14:36:13,523 [WARN] ApiManager:304 - Cannot register API 'Board Extension:NFC08A1' from pack STMicroelectronics.X-CUBE-NFC6.3.1.0: no header file found
2024-05-24 14:36:13,524 [INFO] RtosManager:484 - Registered RTOS mode: class=CMSIS, group=RTOS, mode=CMSIS_V1, owner=FREERTOS
2024-05-24 14:36:13,525 [INFO] RtosManager:484 - Registered RTOS mode: class=CMSIS, group=RTOS2, mode=CMSIS_V2, owner=FREERTOS
2024-05-24 14:36:13,525 [INFO] RtosManager:484 - Registered RTOS mode: class=RTOS, group=Core, mode=CMSIS_V1, owner=FREERTOS
2024-05-24 14:36:13,525 [INFO] RtosManager:484 - Registered RTOS mode: class=RTOS, group=Core, mode=CMSIS_V2, owner=FREERTOS
2024-05-24 14:36:13,525 [WARN] ModelIntegratedComponent:181 - Missing modes for component STMicroelectronics:FreeRTOS:0.0.1:STMicroelectronics:RTOS:FreeRTOS:Core:::10.2.0:
2024-05-24 14:36:13,527 [WARN] ApiManager:304 - Cannot register API 'Board Extension:STSAFEA1' from pack STMicroelectronics.X-CUBE-SAFEA1.1.2.2: no header file found
2024-05-24 14:36:13,527 [WARN] ApiManager:304 - Cannot register API 'Board Part:STSAFEA110' from pack STMicroelectronics.X-CUBE-SAFEA1.1.2.2: no header file found
2024-05-24 14:36:13,527 [WARN] ApiManager:304 - Cannot register API 'Security:ST_Cryptolib' from pack STMicroelectronics.X-CUBE-SAFEA1.1.2.2: no header file found
2024-05-24 14:36:13,527 [WARN] ApiManager:304 - Cannot register API 'Security:MbedTLS' from pack STMicroelectronics.X-CUBE-SAFEA1.1.2.2: no header file found
2024-05-24 14:36:13,528 [WARN] ApiManager:304 - Cannot register API 'Board Extension:NFC04A1' from pack STMicroelectronics.X-CUBE-NFC4.3.0.0: no header file found
2024-05-24 14:36:13,531 [WARN] ApiManager:304 - Cannot register API 'Board Extension:S2868A1' from pack STMicroelectronics.X-CUBE-SUBG2.5.0.0: no header file found
2024-05-24 14:36:13,531 [WARN] ApiManager:304 - Cannot register API 'Board Extension:S2868A2' from pack STMicroelectronics.X-CUBE-SUBG2.5.0.0: no header file found
2024-05-24 14:36:13,531 [WARN] ApiManager:304 - Cannot register API 'Board Extension:S2915A1' from pack STMicroelectronics.X-CUBE-SUBG2.5.0.0: no header file found
2024-05-24 14:36:13,533 [WARN] ApiManager:304 - Cannot register API 'Wireless:BlueNRG-MS' from pack STMicroelectronics.X-CUBE-BLE1.7.0.0: no header file found
2024-05-24 14:36:13,535 [WARN] ApiManager:304 - Cannot register API 'Board Extension:EEPRMA2' from pack STMicroelectronics.X-CUBE-EEPRMA1.5.1.0: no header file found
2024-05-24 14:36:13,535 [WARN] ApiManager:304 - Cannot register API 'Board Extension:PGEEZ1' from pack STMicroelectronics.X-CUBE-EEPRMA1.5.1.0: no header file found
2024-05-24 14:36:13,535 [WARN] ApiManager:304 - Cannot register API 'Board Extension:EEICA1' from pack STMicroelectronics.X-CUBE-EEPRMA1.5.1.0: no header file found
2024-05-24 14:36:13,535 [WARN] ApiManager:304 - Cannot register API 'Board Part:M24' from pack STMicroelectronics.X-CUBE-EEPRMA1.5.1.0: no header file found
2024-05-24 14:36:13,535 [WARN] ApiManager:304 - Cannot register API 'Board Part:M95' from pack STMicroelectronics.X-CUBE-EEPRMA1.5.1.0: no header file found
2024-05-24 14:36:13,535 [WARN] ApiManager:304 - Cannot register API 'Board Part:M95P32' from pack STMicroelectronics.X-CUBE-EEPRMA1.5.1.0: no header file found
2024-05-24 14:36:13,535 [WARN] ApiManager:304 - Cannot register API 'Board Part:M24256E-F' from pack STMicroelectronics.X-CUBE-EEPRMA1.5.1.0: no header file found
2024-05-24 14:36:13,535 [WARN] ApiManager:304 - Cannot register API 'Board Part:M24M01E-F' from pack STMicroelectronics.X-CUBE-EEPRMA1.5.1.0: no header file found
2024-05-24 14:36:13,535 [WARN] ApiManager:304 - Cannot register API 'PGEEZ1:SPI' from pack STMicroelectronics.X-CUBE-EEPRMA1.5.1.0: no header file found
2024-05-24 14:36:13,536 [WARN] ApiManager:304 - Cannot register API 'PGEEZ1:QDSPI' from pack STMicroelectronics.X-CUBE-EEPRMA1.5.1.0: no header file found
2024-05-24 14:36:13,537 [WARN] ModelIntegratedComponent:60 - No mode defined for component null
2024-05-24 14:36:13,537 [WARN] ModelIntegratedComponent:60 - No mode defined for component null
2024-05-24 14:36:13,537 [WARN] ModelIntegratedComponent:60 - No mode defined for component null
2024-05-24 14:36:13,537 [WARN] ModelIntegratedComponent:60 - No mode defined for component null
2024-05-24 14:36:13,537 [WARN] ModelIntegratedComponent:60 - No mode defined for component null
2024-05-24 14:36:13,537 [WARN] ModelIntegratedComponent:60 - No mode defined for component null
2024-05-24 14:36:13,538 [WARN] ModelIntegratedComponent:60 - No mode defined for component null
2024-05-24 14:36:13,538 [WARN] ModelIntegratedComponent:60 - No mode defined for component null
2024-05-24 14:36:13,538 [WARN] ModelIntegratedComponent:60 - No mode defined for component null
2024-05-24 14:36:13,538 [WARN] ModelIntegratedComponent:60 - No mode defined for component null
2024-05-24 14:36:13,538 [WARN] ModelIntegratedComponent:60 - No mode defined for component null
2024-05-24 14:36:13,538 [WARN] ModelIntegratedComponent:60 - No mode defined for component null
2024-05-24 14:36:13,538 [WARN] ModelIntegratedComponent:60 - No mode defined for component null
2024-05-24 14:36:13,538 [WARN] ModelIntegratedComponent:60 - No mode defined for component null
2024-05-24 14:36:13,538 [WARN] ModelIntegratedComponent:60 - No mode defined for component null
2024-05-24 14:36:13,538 [WARN] ModelIntegratedComponent:60 - No mode defined for component null
2024-05-24 14:36:13,538 [WARN] ModelIntegratedComponent:60 - No mode defined for component null
2024-05-24 14:36:13,538 [WARN] ModelIntegratedComponent:60 - No mode defined for component null
2024-05-24 14:36:13,538 [WARN] ModelIntegratedComponent:60 - No mode defined for component null
2024-05-24 14:36:13,538 [WARN] ModelIntegratedComponent:60 - No mode defined for component null
2024-05-24 14:36:13,538 [WARN] ModelIntegratedComponent:60 - No mode defined for component null
2024-05-24 14:36:13,538 [WARN] ModelIntegratedComponent:60 - No mode defined for component null
2024-05-24 14:36:13,538 [WARN] ModelIntegratedComponent:60 - No mode defined for component null
2024-05-24 14:36:13,538 [WARN] ModelIntegratedComponent:60 - No mode defined for component null
2024-05-24 14:36:13,538 [WARN] ModelIntegratedComponent:60 - No mode defined for component null
2024-05-24 14:36:13,539 [WARN] ModelIntegratedComponent:60 - No mode defined for component null
2024-05-24 14:36:13,539 [WARN] ModelIntegratedComponent:60 - No mode defined for component null
2024-05-24 14:36:13,539 [WARN] ModelIntegratedComponent:60 - No mode defined for component null
2024-05-24 14:36:13,539 [WARN] ModelIntegratedComponent:60 - No mode defined for component null
2024-05-24 14:36:13,539 [WARN] ModelIntegratedComponent:60 - No mode defined for component null
2024-05-24 14:36:13,539 [WARN] ModelIntegratedComponent:60 - No mode defined for component null
2024-05-24 14:36:13,682 [WARN] ApiManager:304 - Cannot register API 'Board Extension:IKS01A3' from pack STMicroelectronics.X-CUBE-MEMS1.10.0.0: no header file found
2024-05-24 14:36:13,682 [WARN] ApiManager:304 - Cannot register API 'Board Extension:IKS02A1' from pack STMicroelectronics.X-CUBE-MEMS1.10.0.0: no header file found
2024-05-24 14:36:13,683 [WARN] ApiManager:304 - Cannot register API 'Board Extension:IKS4A1' from pack STMicroelectronics.X-CUBE-MEMS1.10.0.0: no header file found
2024-05-24 14:36:13,688 [WARN] ApiManager:304 - Cannot register API 'Board Extension:NFC07A1' from pack STMicroelectronics.X-CUBE-NFC7.1.0.1: no header file found
2024-05-24 14:36:13,689 [WARN] ApiManager:304 - Cannot register API 'Board Extension:NFC06A1' from pack STMicroelectronics.X-CUBE-NFC6.3.0.0: no header file found
2024-05-24 14:36:13,689 [WARN] ApiManager:304 - Cannot register API 'Board Extension:NFC08A1' from pack STMicroelectronics.X-CUBE-NFC6.3.0.0: no header file found
2024-05-24 14:36:13,697 [WARN] ApiManager:304 - Cannot register API 'Board Extension:S2868A1' from pack STMicroelectronics.X-CUBE-SFXS2LP1.4.0.0: no header file found
2024-05-24 14:36:13,697 [WARN] ApiManager:304 - Cannot register API 'Board Extension:S2868A2' from pack STMicroelectronics.X-CUBE-SFXS2LP1.4.0.0: no header file found
2024-05-24 14:36:13,698 [WARN] ApiManager:304 - Cannot register API 'Board Extension:S2915A1' from pack STMicroelectronics.X-CUBE-SFXS2LP1.4.0.0: no header file found
2024-05-24 14:36:13,698 [WARN] ApiManager:304 - Cannot register API 'Wireless:BlueNRG-2' from pack STMicroelectronics.X-CUBE-BLE2.3.3.0: no header file found
2024-05-24 14:36:15,022 [INFO] UtilMem:74 - End LoadConfig() Used Memory: 918786808 Bytes (1073741824)
2024-05-24 14:36:15,029 [WARN] ThirdParty:779 - waiting for thirdparty lock release [change project]
2024-05-24 14:36:15,029 [INFO] ThirdParty:781 - entering critical section [change project]
2024-05-24 14:36:15,029 [INFO] ThirdParty:967 - CMSIS Pack Vendor :STMicroelectronics X-CUBE-GNSS1 6.0.0
2024-05-24 14:36:15,029 [INFO] ThirdParty:967 - CMSIS Pack Vendor :STMicroelectronics USB_HOST 2.0.0
2024-05-24 14:36:15,029 [INFO] ThirdParty:967 - CMSIS Pack Vendor :STMicroelectronics X-CUBE-AZRTOS-F4 1.1.0
2024-05-24 14:36:15,029 [INFO] ThirdParty:967 - CMSIS Pack Vendor :STMicroelectronics USB_DEVICE 3.0.0
2024-05-24 14:36:15,029 [INFO] ThirdParty:967 - CMSIS Pack Vendor :STMicroelectronics X-CUBE-AZRTOS-WB 2.0.0
2024-05-24 14:36:15,029 [INFO] ThirdParty:967 - CMSIS Pack Vendor :wolfSSL I-CUBE-wolfSSL 5.6.6
2024-05-24 14:36:15,029 [INFO] ThirdParty:967 - CMSIS Pack Vendor :STMicroelectronics X-CUBE-TOUCHGFX 4.23.0
2024-05-24 14:36:15,029 [INFO] ThirdParty:967 - CMSIS Pack Vendor :STMicroelectronics X-CUBE-TOUCHGFX 4.23.2
2024-05-24 14:36:15,029 [INFO] ThirdParty:967 - CMSIS Pack Vendor :STMicroelectronics X-CUBE-AZRTOS-F7 1.1.0
2024-05-24 14:36:15,029 [INFO] ThirdParty:967 - CMSIS Pack Vendor :STMicroelectronics X-CUBE-AZRTOS-L5 2.0.0
2024-05-24 14:36:15,030 [INFO] ThirdParty:967 - CMSIS Pack Vendor :STMicroelectronics USB_DEVICE 2.0.0
2024-05-24 14:36:15,030 [INFO] ThirdParty:967 - CMSIS Pack Vendor :STMicroelectronics X-CUBE-NFC6 3.1.0
2024-05-24 14:36:15,030 [INFO] ThirdParty:967 - CMSIS Pack Vendor :STMicroelectronics X-CUBE-ALGOBUILD 1.3.0
2024-05-24 14:36:15,030 [INFO] ThirdParty:967 - CMSIS Pack Vendor :STMicroelectronics FreeRTOS 0.0.1
2024-05-24 14:36:15,030 [INFO] ThirdParty:967 - CMSIS Pack Vendor :STMicroelectronics X-CUBE-AZRTOS-G0 1.1.0
2024-05-24 14:36:15,030 [INFO] ThirdParty:967 - CMSIS Pack Vendor :STMicroelectronics X-CUBE-SAFEA1 1.2.2
2024-05-24 14:36:15,030 [INFO] ThirdParty:967 - CMSIS Pack Vendor :STMicroelectronics X-CUBE-NFC4 3.0.0
2024-05-24 14:36:15,030 [INFO] ThirdParty:967 - CMSIS Pack Vendor :STMicroelectronics X-CUBE-SUBG2 5.0.0
2024-05-24 14:36:15,030 [INFO] ThirdParty:967 - CMSIS Pack Vendor :STMicroelectronics lwIP 2.0.3
2024-05-24 14:36:15,030 [INFO] ThirdParty:967 - CMSIS Pack Vendor :STMicroelectronics USB_HOST 1.0.0
2024-05-24 14:36:15,030 [INFO] ThirdParty:967 - CMSIS Pack Vendor :STMicroelectronics X-CUBE-AI 9.0.0
2024-05-24 14:36:15,030 [INFO] ThirdParty:967 - CMSIS Pack Vendor :STMicroelectronics X-CUBE-AZRTOS-G4 2.0.0
2024-05-24 14:36:15,030 [INFO] ThirdParty:967 - CMSIS Pack Vendor :STMicroelectronics PDM2PCM 3.1.0
2024-05-24 14:36:15,030 [INFO] ThirdParty:967 - CMSIS Pack Vendor :STMicroelectronics PDM2PCM 3.3.0
2024-05-24 14:36:15,030 [INFO] ThirdParty:967 - CMSIS Pack Vendor :STMicroelectronics X-CUBE-BLE1 7.0.0
2024-05-24 14:36:15,030 [INFO] ThirdParty:967 - CMSIS Pack Vendor :STMicroelectronics FP-ATR-SIGFOX1 3.2.0
2024-05-24 14:36:15,030 [INFO] ThirdParty:967 - CMSIS Pack Vendor :STMicroelectronics X-CUBE-ISPU 2.0.0
2024-05-24 14:36:15,030 [INFO] ThirdParty:967 - CMSIS Pack Vendor :STMicroelectronics X-CUBE-EEPRMA1 5.1.0
2024-05-24 14:36:15,030 [INFO] ThirdParty:967 - CMSIS Pack Vendor :STMicroelectronics HAL Drivers 0.0.0
2024-05-24 14:36:15,030 [INFO] ThirdParty:967 - CMSIS Pack Vendor :STMicroelectronics MBEDTLS 2.16.2
2024-05-24 14:36:15,030 [INFO] ThirdParty:967 - CMSIS Pack Vendor :STMicroelectronics X-CUBE-MEMS1 10.0.0
2024-05-24 14:36:15,030 [INFO] ThirdParty:967 - CMSIS Pack Vendor :STMicroelectronics X-CUBE-NFC7 1.0.1
2024-05-24 14:36:15,030 [INFO] ThirdParty:967 - CMSIS Pack Vendor :STMicroelectronics MBEDTLS 2.14.1
2024-05-24 14:36:15,030 [INFO] ThirdParty:967 - CMSIS Pack Vendor :STMicroelectronics X-CUBE-NFC6 3.0.0
2024-05-24 14:36:15,030 [INFO] ThirdParty:967 - CMSIS Pack Vendor :portGmbH I-Cube-SoM-uGOAL 1.1.0
2024-05-24 14:36:15,030 [INFO] ThirdParty:967 - CMSIS Pack Vendor :STMicroelectronics X-CUBE-ALS 1.0.1
2024-05-24 14:36:15,030 [INFO] ThirdParty:967 - CMSIS Pack Vendor :STMicroelectronics X-CUBE-AZRTOS-WL 2.0.0
2024-05-24 14:36:15,031 [INFO] ThirdParty:967 - CMSIS Pack Vendor :SEGGER I-CUBE-embOS 1.3.1
2024-05-24 14:36:15,031 [INFO] ThirdParty:967 - CMSIS Pack Vendor :STMicroelectronics X-CUBE-ALGOBUILD 1.4.0
2024-05-24 14:36:15,031 [INFO] ThirdParty:967 - CMSIS Pack Vendor :STMicroelectronics USB_DEVICE 1.0.0
2024-05-24 14:36:15,031 [INFO] ThirdParty:967 - CMSIS Pack Vendor :STMicroelectronics X-CUBE-AI 8.1.0
2024-05-24 14:36:15,031 [INFO] ThirdParty:967 - CMSIS Pack Vendor :STMicroelectronics X-CUBE-AZRTOS-H7RS 1.0.0
2024-05-24 14:36:15,031 [INFO] ThirdParty:967 - CMSIS Pack Vendor :STMicroelectronics X-CUBE-AZRTOS-L4 2.0.0
2024-05-24 14:36:15,031 [INFO] ThirdParty:967 - CMSIS Pack Vendor :STMicroelectronics ThreadX 0.0.2
2024-05-24 14:36:15,031 [INFO] ThirdParty:967 - CMSIS Pack Vendor :WES I-CUBE-Cesium 1.3.0
2024-05-24 14:36:15,031 [INFO] ThirdParty:967 - CMSIS Pack Vendor :STMicroelectronics FP-ATR-ASTRA1 2.0.0
2024-05-24 14:36:15,031 [INFO] ThirdParty:967 - CMSIS Pack Vendor :STMicroelectronics lwIP 2.1.2
2024-05-24 14:36:15,031 [INFO] ThirdParty:967 - CMSIS Pack Vendor :STMicroelectronics X-CUBE-SFXS2LP1 4.0.0
2024-05-24 14:36:15,031 [INFO] ThirdParty:967 - CMSIS Pack Vendor :STMicroelectronics X-CUBE-BLE2 3.3.0
2024-05-24 14:36:15,031 [INFO] ThirdParty:967 - CMSIS Pack Vendor :STMicroelectronics X-CUBE-AZRTOS-H7 3.2.0
2024-05-24 14:36:15,031 [INFO] ThirdParty:967 - CMSIS Pack Vendor :STMicroelectronics PDM2PCM 3.2.0
2024-05-24 14:36:15,031 [INFO] ThirdParty:787 - exiting critical section [change project]
2024-05-24 14:36:15,198 [INFO] PinOutPanel:1463 - setPackage(No Configuration,No Configuration)
2024-05-24 14:36:15,199 [INFO] PinOutPanel:1463 - setPackage(STM32F103C6Tx,LQFP48)
2024-05-24 14:36:15,461 [INFO] UtilMem:74 - Before build in PCC Used Memory: 800879232 Bytes (1073741824)
2024-05-24 14:36:15,983 [INFO] UtilMem:74 - After build in PCC Used Memory: 879522432 Bytes (1073741824)
2024-05-24 14:36:15,999 [INFO] IPUIPlugin:74 - create IPUIPlugin
2024-05-24 14:36:16,000 [INFO] IPUIPlugin:74 - create IPUIPlugin
2024-05-24 14:36:16,000 [INFO] IPUIPlugin:74 - create IPUIPlugin
2024-05-24 14:36:16,000 [INFO] IPUIPlugin:74 - create IPUIPlugin
2024-05-24 14:36:16,000 [INFO] IPUIPlugin:74 - create IPUIPlugin
2024-05-24 14:36:16,000 [INFO] IPUIPlugin:74 - create IPUIPlugin
2024-05-24 14:36:16,000 [INFO] IPUIPlugin:74 - create IPUIPlugin
2024-05-24 14:36:16,000 [INFO] IPUIPlugin:74 - create IPUIPlugin
2024-05-24 14:36:16,000 [INFO] IPUIPlugin:74 - create IPUIPlugin
2024-05-24 14:36:16,001 [INFO] IPUIPlugin:74 - create IPUIPlugin
2024-05-24 14:36:16,001 [INFO] IPUIPlugin:74 - create IPUIPlugin
2024-05-24 14:36:16,001 [INFO] IPUIPlugin:74 - create IPUIPlugin
2024-05-24 14:36:16,001 [INFO] IPUIPlugin:74 - create IPUIPlugin
2024-05-24 14:36:16,001 [INFO] IPUIPlugin:74 - create IPUIPlugin
2024-05-24 14:36:16,001 [INFO] IPUIPlugin:74 - create IPUIPlugin
2024-05-24 14:36:16,002 [INFO] IPUIPlugin:74 - create IPUIPlugin
2024-05-24 14:36:16,002 [INFO] IPUIPlugin:74 - create IPUIPlugin
2024-05-24 14:36:16,003 [INFO] IPUIPlugin:74 - create IPUIPlugin
2024-05-24 14:36:16,003 [INFO] IPUIPlugin:74 - create IPUIPlugin
2024-05-24 14:36:16,003 [INFO] IPUIPlugin:74 - create IPUIPlugin
2024-05-24 14:36:16,004 [INFO] IPUIPlugin:74 - create IPUIPlugin
2024-05-24 14:36:16,004 [INFO] IPUIPlugin:74 - create IPUIPlugin
2024-05-24 14:36:16,005 [INFO] IPUIPlugin:74 - create IPUIPlugin
2024-05-24 14:36:16,103 [INFO] OpenFileManager:333 - Restore cursor
2024-05-24 14:36:16,280 [INFO] UtilMem:74 - End SaveConfig() Used Memory: 944007808 Bytes (1073741824)
2024-05-24 14:36:16,320 [INFO] UtilMem:74 - End SaveConfig() Used Memory: 811324864 Bytes (1073741824)
2024-05-24 14:36:16,535 [INFO] BlockDiagram:2740 - set Specific Code input for plugin: NVIC
2024-05-24 14:36:16,535 [INFO] BlockDiagram:2740 - set Specific Code input for plugin: SYS
2024-05-24 14:36:16,535 [INFO] BlockDiagram:2740 - set Specific Code input for plugin: RCC
2024-05-24 14:36:16,535 [INFO] CodeGenerator:663 - code generatio: config db path: C:\ST\STM32CubeIDE_1.7.0\STM32CubeIDE\plugins\com.st.stm32cube.common.mx_6.3.0.202107141111\\db\
2024-05-24 14:36:16,760 [INFO] CodeEngine:239 - oldGeneratedFile, D:\Code\RTOS project\final_project\MXTmpFiles\license.tmp_save
2024-05-24 14:36:17,032 [INFO] CodeEngine:257 - Generated code: D:\Code\RTOS project\final_project\MXTmpFiles\license.tmp
2024-05-24 14:36:17,130 [INFO] CodeEngine:239 - oldGeneratedFile, D:\Code\RTOS project\final_project\Core\Src\stm32f1xx_it.c_save
2024-05-24 14:36:17,226 [INFO] CodeEngine:257 - Generated code: D:\Code\RTOS project\final_project\Core\Src\stm32f1xx_it.c
2024-05-24 14:36:17,232 [INFO] CodeEngine:239 - oldGeneratedFile, D:\Code\RTOS project\final_project\Core\Inc\stm32f1xx_it.h_save
2024-05-24 14:36:17,292 [INFO] CodeEngine:257 - Generated code: D:\Code\RTOS project\final_project\Core\Inc\stm32f1xx_it.h
2024-05-24 14:36:17,303 [INFO] CodeEngine:239 - oldGeneratedFile, D:\Code\RTOS project\final_project\Core\Src\stm32f1xx_hal_msp.c_save
2024-05-24 14:36:17,397 [INFO] CodeEngine:257 - Generated code: D:\Code\RTOS project\final_project\Core\Src\stm32f1xx_hal_msp.c
2024-05-24 14:36:17,404 [INFO] CodeEngine:239 - oldGeneratedFile, D:\Code\RTOS project\final_project\MXTmpFiles\system.tmp_save
2024-05-24 14:36:17,455 [INFO] CodeEngine:257 - Generated code: D:\Code\RTOS project\final_project\MXTmpFiles\system.tmp
2024-05-24 14:36:17,465 [INFO] CodeEngine:239 - oldGeneratedFile, D:\Code\RTOS project\final_project\Core\Inc\stm32f1xx_hal_conf.h_save
2024-05-24 14:36:17,529 [INFO] CodeEngine:257 - Generated code: D:\Code\RTOS project\final_project\Core\Inc\stm32f1xx_hal_conf.h
2024-05-24 14:36:17,569 [INFO] CodeEngine:239 - oldGeneratedFile, D:\Code\RTOS project\final_project\Core\Inc\main.h_save
2024-05-24 14:36:17,651 [INFO] CodeEngine:257 - Generated code: D:\Code\RTOS project\final_project\Core\Inc\main.h
2024-05-24 14:36:17,659 [INFO] CodeEngine:239 - oldGeneratedFile, D:\Code\RTOS project\final_project\Core\Src\main.c_save
2024-05-24 14:36:17,753 [INFO] CodeEngine:257 - Generated code: D:\Code\RTOS project\final_project\Core\Src\main.c
2024-05-24 14:36:18,296 [INFO] ProjectBuilder:2578 - Time for Copy HAL[1] : 54mS.
2024-05-24 14:36:18,335 [INFO] ProjectBuilder:3622 - Project Generator version: 3.14.1
2024-05-24 14:36:18,914 [INFO] ConfigFileManager:1271 - The Die is : DIE412
2024-05-24 14:36:18,933 [INFO] ApiDbMcu:468 - Load IP Config File for FATFS
2024-05-24 14:36:18,961 [INFO] ApiDbMcu:468 - Load IP Config File for FREERTOS
2024-05-24 14:36:19,002 [INFO] ApiDbMcu:468 - Load IP Config File for USB_DEVICE
2024-05-24 14:36:23,215 [INFO] ProjectBuilder:3789 - Time for Generating toolchain IDE Files: 4880mS.
2024-05-24 14:36:23,215 [INFO] ProjectBuilder:2457 - Time for Copy CMSIS : 0mS.
2024-05-24 14:36:23,216 [INFO] ProjectBuilder:2457 - Time for Copy CMSIS : 0mS.
2024-05-24 14:36:23,680 [INFO] McuFinderGlobals:52 - Set McuFinderConnectedMode to true
2024-05-24 14:36:23,681 [INFO] ApiDb:276 - Save user favorites file C:\Users\kirit/.stm32cubeide/favorites.mcus.txt: 0 item(s)
2024-05-24 14:36:23,681 [INFO] ApiDb:280 - User favorites MCUs=[]
2024-05-24 14:43:12,689 [INFO] NvicIntPanel:96 - NVIC parent = com.st.microxplorer.plugins.ip.nvic.MultiNvicIntPanel[,0,0,493x319,layout=javax.swing.BoxLayout,alignmentX=0.0,alignmentY=0.0,border=,flags=9,maximumSize=,minimumSize=,preferredSize=]
2024-05-24 14:43:14,961 [INFO] NvicIntPanel:96 - NVIC parent = com.st.microxplorer.plugins.ip.nvic.MultiNvicIntPanel[,0,0,0x0,invalid,layout=javax.swing.BoxLayout,alignmentX=0.0,alignmentY=0.0,border=,flags=9,maximumSize=,minimumSize=,preferredSize=]
2024-05-24 14:44:44,430 [INFO] UtilMem:74 - End SaveConfig() Used Memory: 925364056 Bytes (1073741824)
2024-05-24 14:44:45,875 [INFO] UtilMem:74 - End SaveConfig() Used Memory: 943073464 Bytes (1073741824)
2024-05-24 14:44:47,825 [INFO] UtilMem:74 - End SaveConfig() Used Memory: 852030568 Bytes (1073741824)
2024-05-24 14:44:48,035 [INFO] BlockDiagram:2740 - set Specific Code input for plugin: NVIC
2024-05-24 14:44:48,035 [INFO] BlockDiagram:2740 - set Specific Code input for plugin: SYS
2024-05-24 14:44:48,035 [INFO] BlockDiagram:2740 - set Specific Code input for plugin: RCC
2024-05-24 14:44:48,035 [INFO] BlockDiagram:2740 - set Specific Code input for plugin: TIM1_8F1
2024-05-24 14:44:48,035 [INFO] CodeGenerator:663 - code generatio: config db path: C:\ST\STM32CubeIDE_1.7.0\STM32CubeIDE\plugins\com.st.stm32cube.common.mx_6.3.0.202107141111\\db\
2024-05-24 14:44:48,278 [INFO] CodeEngine:239 - oldGeneratedFile, D:\Code\RTOS project\final_project\MXTmpFiles\license.tmp_save
2024-05-24 14:44:48,332 [INFO] CodeEngine:257 - Generated code: D:\Code\RTOS project\final_project\MXTmpFiles\license.tmp
2024-05-24 14:44:48,443 [INFO] CodeEngine:239 - oldGeneratedFile, D:\Code\RTOS project\final_project\Core\Src\stm32f1xx_it.c_save
2024-05-24 14:44:48,524 [INFO] CodeEngine:257 - Generated code: D:\Code\RTOS project\final_project\Core\Src\stm32f1xx_it.c
2024-05-24 14:44:48,533 [INFO] CodeEngine:239 - oldGeneratedFile, D:\Code\RTOS project\final_project\Core\Inc\stm32f1xx_it.h_save
2024-05-24 14:44:48,592 [INFO] CodeEngine:257 - Generated code: D:\Code\RTOS project\final_project\Core\Inc\stm32f1xx_it.h
2024-05-24 14:44:48,602 [INFO] CodeEngine:239 - oldGeneratedFile, D:\Code\RTOS project\final_project\Core\Src\stm32f1xx_hal_msp.c_save
2024-05-24 14:44:48,693 [INFO] CodeEngine:257 - Generated code: D:\Code\RTOS project\final_project\Core\Src\stm32f1xx_hal_msp.c
2024-05-24 14:44:48,696 [INFO] CodeEngine:239 - oldGeneratedFile, D:\Code\RTOS project\final_project\MXTmpFiles\system.tmp_save
2024-05-24 14:44:48,736 [INFO] CodeEngine:257 - Generated code: D:\Code\RTOS project\final_project\MXTmpFiles\system.tmp
2024-05-24 14:44:48,744 [INFO] CodeEngine:239 - oldGeneratedFile, D:\Code\RTOS project\final_project\Core\Inc\stm32f1xx_hal_conf.h_save
2024-05-24 14:44:48,812 [INFO] CodeEngine:257 - Generated code: D:\Code\RTOS project\final_project\Core\Inc\stm32f1xx_hal_conf.h
2024-05-24 14:44:48,836 [WARN] IPConfigManager:3148 - IP not found : TIM
2024-05-24 14:44:48,837 [WARN] CodeGenerator:3268 - IP not found : null
2024-05-24 14:44:48,844 [INFO] CodeEngine:239 - oldGeneratedFile, D:\Code\RTOS project\final_project\Core\Inc\main.h_save
2024-05-24 14:44:48,899 [INFO] CodeEngine:257 - Generated code: D:\Code\RTOS project\final_project\Core\Inc\main.h
2024-05-24 14:44:48,909 [INFO] CodeEngine:239 - oldGeneratedFile, D:\Code\RTOS project\final_project\Core\Src\main.c_save
2024-05-24 14:44:49,007 [INFO] CodeEngine:257 - Generated code: D:\Code\RTOS project\final_project\Core\Src\main.c
2024-05-24 14:44:49,864 [INFO] ProjectBuilder:2578 - Time for Copy HAL[1] : 53mS.
2024-05-24 14:44:49,866 [INFO] ProjectBuilder:3622 - Project Generator version: 3.14.1
2024-05-24 14:44:50,168 [INFO] ConfigFileManager:1271 - The Die is : DIE412
2024-05-24 14:44:51,715 [INFO] ProjectBuilder:3789 - Time for Generating toolchain IDE Files: 1849mS.
2024-05-24 14:44:51,715 [INFO] ProjectBuilder:2457 - Time for Copy CMSIS : 0mS.
2024-05-24 14:44:51,716 [INFO] ProjectBuilder:2457 - Time for Copy CMSIS : 0mS.
2024-05-24 14:47:29,365 [INFO] UtilMem:74 - End SaveConfig() Used Memory: 837228824 Bytes (1073741824)
2024-05-24 14:47:30,761 [INFO] UtilMem:74 - End SaveConfig() Used Memory: 858667112 Bytes (1073741824)
2024-05-24 14:47:32,120 [INFO] UtilMem:74 - End SaveConfig() Used Memory: 896415760 Bytes (1073741824)
2024-05-24 14:47:32,312 [INFO] BlockDiagram:2740 - set Specific Code input for plugin: NVIC
2024-05-24 14:47:32,312 [INFO] BlockDiagram:2740 - set Specific Code input for plugin: SYS
2024-05-24 14:47:32,312 [INFO] BlockDiagram:2740 - set Specific Code input for plugin: GPIO
2024-05-24 14:47:32,312 [INFO] BlockDiagram:2740 - set Specific Code input for plugin: RCC
2024-05-24 14:47:32,312 [INFO] BlockDiagram:2740 - set Specific Code input for plugin: TIM1_8F1
2024-05-24 14:47:32,312 [INFO] CodeGenerator:663 - code generatio: config db path: C:\ST\STM32CubeIDE_1.7.0\STM32CubeIDE\plugins\com.st.stm32cube.common.mx_6.3.0.202107141111\\db\
2024-05-24 14:47:32,520 [INFO] CodeEngine:239 - oldGeneratedFile, D:\Code\RTOS project\final_project\MXTmpFiles\license.tmp_save
2024-05-24 14:47:32,571 [INFO] CodeEngine:257 - Generated code: D:\Code\RTOS project\final_project\MXTmpFiles\license.tmp
2024-05-24 14:47:32,624 [INFO] CodeEngine:239 - oldGeneratedFile, D:\Code\RTOS project\final_project\MXTmpFiles\gpio.tmp_save
2024-05-24 14:47:32,681 [INFO] CodeEngine:257 - Generated code: D:\Code\RTOS project\final_project\MXTmpFiles\gpio.tmp
2024-05-24 14:47:32,765 [INFO] CodeEngine:239 - oldGeneratedFile, D:\Code\RTOS project\final_project\Core\Src\stm32f1xx_it.c_save
2024-05-24 14:47:32,821 [INFO] CodeEngine:257 - Generated code: D:\Code\RTOS project\final_project\Core\Src\stm32f1xx_it.c
2024-05-24 14:47:32,823 [INFO] CodeEngine:239 - oldGeneratedFile, D:\Code\RTOS project\final_project\Core\Inc\stm32f1xx_it.h_save
2024-05-24 14:47:32,875 [INFO] CodeEngine:257 - Generated code: D:\Code\RTOS project\final_project\Core\Inc\stm32f1xx_it.h
2024-05-24 14:47:32,884 [INFO] CodeEngine:239 - oldGeneratedFile, D:\Code\RTOS project\final_project\Core\Src\stm32f1xx_hal_msp.c_save
2024-05-24 14:47:32,950 [INFO] CodeEngine:257 - Generated code: D:\Code\RTOS project\final_project\Core\Src\stm32f1xx_hal_msp.c
2024-05-24 14:47:32,952 [INFO] CodeEngine:239 - oldGeneratedFile, D:\Code\RTOS project\final_project\MXTmpFiles\system.tmp_save
2024-05-24 14:47:32,990 [INFO] CodeEngine:257 - Generated code: D:\Code\RTOS project\final_project\MXTmpFiles\system.tmp
2024-05-24 14:47:32,999 [INFO] CodeEngine:239 - oldGeneratedFile, D:\Code\RTOS project\final_project\Core\Inc\stm32f1xx_hal_conf.h_save
2024-05-24 14:47:33,070 [INFO] CodeEngine:257 - Generated code: D:\Code\RTOS project\final_project\Core\Inc\stm32f1xx_hal_conf.h
2024-05-24 14:47:33,088 [WARN] IPConfigManager:3148 - IP not found : TIM
2024-05-24 14:47:33,088 [WARN] CodeGenerator:3268 - IP not found : null
2024-05-24 14:47:33,097 [INFO] CodeEngine:239 - oldGeneratedFile, D:\Code\RTOS project\final_project\Core\Inc\main.h_save
2024-05-24 14:47:33,159 [INFO] CodeEngine:257 - Generated code: D:\Code\RTOS project\final_project\Core\Inc\main.h
2024-05-24 14:47:33,167 [INFO] CodeEngine:239 - oldGeneratedFile, D:\Code\RTOS project\final_project\Core\Src\main.c_save
2024-05-24 14:47:33,265 [INFO] CodeEngine:257 - Generated code: D:\Code\RTOS project\final_project\Core\Src\main.c
2024-05-24 14:47:34,075 [INFO] ProjectBuilder:2578 - Time for Copy HAL[1] : 39mS.
2024-05-24 14:47:34,077 [INFO] ProjectBuilder:3622 - Project Generator version: 3.14.1
2024-05-24 14:47:34,403 [INFO] ConfigFileManager:1271 - The Die is : DIE412
2024-05-24 14:47:35,721 [INFO] ProjectBuilder:3789 - Time for Generating toolchain IDE Files: 1644mS.
2024-05-24 14:47:35,721 [INFO] ProjectBuilder:2457 - Time for Copy CMSIS : 0mS.
2024-05-24 14:47:35,722 [INFO] ProjectBuilder:2457 - Time for Copy CMSIS : 0mS.
2024-05-24 15:57:15,860 [INFO] UtilMem:74 - End SaveConfig() Used Memory: 872900248 Bytes (1073741824)
2024-05-24 15:57:17,431 [INFO] UtilMem:74 - End SaveConfig() Used Memory: 892084768 Bytes (1073741824)
2024-05-24 15:57:18,973 [INFO] UtilMem:74 - End SaveConfig() Used Memory: 854238232 Bytes (1073741824)
2024-05-24 15:57:19,198 [INFO] BlockDiagram:2740 - set Specific Code input for plugin: NVIC
2024-05-24 15:57:19,199 [INFO] BlockDiagram:2740 - set Specific Code input for plugin: SYS
2024-05-24 15:57:19,199 [INFO] BlockDiagram:2740 - set Specific Code input for plugin: GPIO
2024-05-24 15:57:19,199 [INFO] BlockDiagram:2740 - set Specific Code input for plugin: RCC
2024-05-24 15:57:19,199 [INFO] BlockDiagram:2740 - set Specific Code input for plugin: TIM1_8F1
2024-05-24 15:57:19,199 [INFO] CodeGenerator:663 - code generatio: config db path: C:\ST\STM32CubeIDE_1.7.0\STM32CubeIDE\plugins\com.st.stm32cube.common.mx_6.3.0.202107141111\\db\
2024-05-24 15:57:19,423 [INFO] CodeEngine:239 - oldGeneratedFile, D:\Code\RTOS project\final_project\MXTmpFiles\license.tmp_save
2024-05-24 15:57:19,507 [INFO] CodeEngine:257 - Generated code: D:\Code\RTOS project\final_project\MXTmpFiles\license.tmp
2024-05-24 15:57:19,529 [INFO] CodeEngine:239 - oldGeneratedFile, D:\Code\RTOS project\final_project\MXTmpFiles\gpio.tmp_save
2024-05-24 15:57:19,590 [INFO] CodeEngine:257 - Generated code: D:\Code\RTOS project\final_project\MXTmpFiles\gpio.tmp
2024-05-24 15:57:19,711 [INFO] CodeEngine:239 - oldGeneratedFile, D:\Code\RTOS project\final_project\Core\Src\stm32f1xx_it.c_save
2024-05-24 15:57:19,784 [INFO] CodeEngine:257 - Generated code: D:\Code\RTOS project\final_project\Core\Src\stm32f1xx_it.c
2024-05-24 15:57:19,792 [INFO] CodeEngine:239 - oldGeneratedFile, D:\Code\RTOS project\final_project\Core\Inc\stm32f1xx_it.h_save
2024-05-24 15:57:19,855 [INFO] CodeEngine:257 - Generated code: D:\Code\RTOS project\final_project\Core\Inc\stm32f1xx_it.h
2024-05-24 15:57:19,868 [INFO] CodeEngine:239 - oldGeneratedFile, D:\Code\RTOS project\final_project\Core\Src\stm32f1xx_hal_msp.c_save
2024-05-24 15:57:19,946 [INFO] CodeEngine:257 - Generated code: D:\Code\RTOS project\final_project\Core\Src\stm32f1xx_hal_msp.c
2024-05-24 15:57:19,948 [INFO] CodeEngine:239 - oldGeneratedFile, D:\Code\RTOS project\final_project\MXTmpFiles\system.tmp_save
2024-05-24 15:57:19,998 [INFO] CodeEngine:257 - Generated code: D:\Code\RTOS project\final_project\MXTmpFiles\system.tmp
2024-05-24 15:57:20,008 [INFO] CodeEngine:239 - oldGeneratedFile, D:\Code\RTOS project\final_project\Core\Inc\stm32f1xx_hal_conf.h_save
2024-05-24 15:57:20,090 [INFO] CodeEngine:257 - Generated code: D:\Code\RTOS project\final_project\Core\Inc\stm32f1xx_hal_conf.h
2024-05-24 15:57:20,112 [WARN] IPConfigManager:3148 - IP not found : TIM
2024-05-24 15:57:20,113 [WARN] CodeGenerator:3268 - IP not found : null
2024-05-24 15:57:20,124 [INFO] CodeEngine:239 - oldGeneratedFile, D:\Code\RTOS project\final_project\Core\Inc\main.h_save
2024-05-24 15:57:20,184 [INFO] CodeEngine:257 - Generated code: D:\Code\RTOS project\final_project\Core\Inc\main.h
2024-05-24 15:57:20,194 [INFO] CodeEngine:239 - oldGeneratedFile, D:\Code\RTOS project\final_project\Core\Src\main.c_save
2024-05-24 15:57:20,297 [INFO] CodeEngine:257 - Generated code: D:\Code\RTOS project\final_project\Core\Src\main.c
2024-05-24 15:57:20,910 [INFO] ProjectBuilder:2578 - Time for Copy HAL[1] : 59mS.
2024-05-24 15:57:20,913 [INFO] ProjectBuilder:3622 - Project Generator version: 3.14.1
2024-05-24 15:57:21,516 [INFO] ConfigFileManager:1271 - The Die is : DIE412
2024-05-24 15:57:22,967 [INFO] ProjectBuilder:3789 - Time for Generating toolchain IDE Files: 2054mS.
2024-05-24 15:57:22,977 [INFO] ProjectBuilder:2457 - Time for Copy CMSIS : 0mS.
2024-05-24 15:57:22,978 [INFO] ProjectBuilder:2457 - Time for Copy CMSIS : 0mS.
